[0mGET /table [32m200[0m 667.770 ms - 439[0m
[0mGET /table [32m200[0m 5.834 ms - 439[0m
[0mGET /table/1 [33m404[0m 0.763 ms - 45[0m
[0mGET /table/1 [33m404[0m 0.830 ms - 45[0m
[0mGET /table/1 [31m500[0m 297.240 ms - 614[0m
[0mGET /table/1 [31m500[0m 5.442 ms - 614[0m
[0mGET /table/1 [32m200[0m 95.634 ms - 26[0m
[0mGET /table/1 [31m500[0m 82.952 ms - 12[0m
[0mGET /table [36m304[0m 45.145 ms - -[0m
[0mGET /favicon.ico [33m404[0m 1.166 ms - 45[0m
[0mGET /table [32m200[0m 3.393 ms - 439[0m
[0mGET /table [36m304[0m 3.128 ms - -[0m
[0mGET /table [36m304[0m 2.443 ms - -[0m
[0mGET /table [36m304[0m 2.311 ms - -[0m
[0mGET /table [36m304[0m 2.359 ms - -[0m
[0mGET /table [36m304[0m 2.164 ms - -[0m
[0mGET /table [36m304[0m 2.150 ms - -[0m
[0mGET /table [36m304[0m 2.698 ms - -[0m
[0mGET /table [36m304[0m 2.265 ms - -[0m
[0mGET /table [36m304[0m 1.822 ms - -[0m
[0mGET /table [36m304[0m 2.229 ms - -[0m
[0mGET /table [36m304[0m 2.793 ms - -[0m
[0mGET /table [36m304[0m 1.985 ms - -[0m
[0mGET /table [36m304[0m 2.111 ms - -[0m
[0mGET /table [36m304[0m 2.004 ms - -[0m
[0mGET /table [32m200[0m 1.864 ms - 439[0m
[0mGET /table [36m304[0m 1.921 ms - -[0m
[0mGET /table [36m304[0m 1.919 ms - -[0m
[0mGET /table [36m304[0m 1.889 ms - -[0m
[0mGET /table [36m304[0m 1.699 ms - -[0m
[0mGET / [33m404[0m 0.558 ms - 45[0m
[0mGET / [33m404[0m 1.371 ms - 45[0m
[0mGET / [33m404[0m 0.360 ms - 45[0m
[0mGET / [33m404[0m 0.400 ms - 45[0m
[0mGET / [33m404[0m 0.349 ms - 45[0m
[0mGET /t [33m404[0m 0.343 ms - 45[0m
[0mGET /ta [33m404[0m 0.347 ms - 45[0m
[0mGET /tab [33m404[0m 0.517 ms - 45[0m
[0mGET /tabl [33m404[0m 0.380 ms - 45[0m
[0mGET /table [32m200[0m 24.033 ms - 439[0m
[0mGET /table [32m200[0m 1.766 ms - 439[0m
[0mGET /favicon.ico [33m404[0m 0.378 ms - 45[0m
[0mGET /table/ [32m200[0m 1.692 ms - 439[0m
[0mGET /table/1 [32m200[0m 49.458 ms - 83[0m
[0mGET /table/1 [32m200[0m 4.213 ms - 83[0m
[0mGET / [33m404[0m 0.447 ms - 45[0m
[0mGET /table/1 [36m304[0m 6.297 ms - -[0m
[0mGET /favicon.ico [33m404[0m 0.345 ms - 45[0m
[0mGET /table [36m304[0m 3.085 ms - -[0m
[0mGET / [33m404[0m 0.343 ms - 45[0m
[0mGET / [33m404[0m 0.374 ms - 45[0m
[0mGET / [33m404[0m 0.384 ms - 45[0m
[0mGET /favicon.ico [33m404[0m 0.343 ms - 45[0m
[0mGET /robots.txt [33m404[0m 0.377 ms - 45[0m
[0mGET / [33m404[0m 0.450 ms - 45[0m
[0mGET / [33m404[0m 0.394 ms - 45[0m
[0mGET / [33m404[0m 0.334 ms - 45[0m
[0mGET / [33m404[0m 0.344 ms - 45[0m
[0mGET / [33m404[0m 10.676 ms - 45[0m
[0mGET / [33m404[0m 0.352 ms - 45[0m
[0mGET / [33m404[0m 0.334 ms - 45[0m
[0mGET / [33m404[0m 1.177 ms - 45[0m
[0mGET / [33m404[0m 73.448 ms - 45[0m
[0mGET / [33m404[0m 0.332 ms - 45[0m
[0mGET / [33m404[0m 0.453 ms - 45[0m
[0mGET /peoples [33m404[0m 1.693 ms - 45[0m
[0mGET /favicon.ico [33m404[0m 0.373 ms - 45[0m
[0mGET /tables [33m404[0m 0.405 ms - 45[0m
[0mGET /table [32m200[0m 459.703 ms - 439[0m
[0mGET /table [32m200[0m 3.490 ms - 439[0m
[0mGET /table [32m200[0m 58.985 ms - 439[0m
[0mGET /table [36m304[0m 10.434 ms - -[0m
[0mGET /table [36m304[0m 1.677 ms - -[0m
[0mGET /table [36m304[0m 2.526 ms - -[0m
[0mGET /table [36m304[0m 1.703 ms - -[0m
[0mGET /table [36m304[0m 2.648 ms - -[0m
[0mGET /table [36m304[0m 1.670 ms - -[0m
[0mGET /table [36m304[0m 1.606 ms - -[0m
[0mGET /table [36m304[0m 1.660 ms - -[0m
[0mGET /table [36m304[0m 1.671 ms - -[0m
[0mGET /table [36m304[0m 1.664 ms - -[0m
[0mGET /table [36m304[0m 1.658 ms - -[0m
[0mGET /table [36m304[0m 1.681 ms - -[0m
[0mGET /table [36m304[0m 1.664 ms - -[0m
[0mGET /table [36m304[0m 1.646 ms - -[0m
[0mGET /table [36m304[0m 2.331 ms - -[0m
[0mGET /table [36m304[0m 3.512 ms - -[0m
[0mGET /table [36m304[0m 1.588 ms - -[0m
[0mGET /table [36m304[0m 1.632 ms - -[0m
[0mGET /table [36m304[0m 1.642 ms - -[0m
[0mGET /table [36m304[0m 1.807 ms - -[0m
[0mGET /table [36m304[0m 8.791 ms - -[0m
[0mGET /table [36m304[0m 10.176 ms - -[0m
[0mGET /table [36m304[0m 1.686 ms - -[0m
[0mGET /table [36m304[0m 3.345 ms - -[0m
[0mGET /table [36m304[0m 1.579 ms - -[0m
[0mGET /table [36m304[0m 1.860 ms - -[0m
[0mGET /table [36m304[0m 7.361 ms - -[0m
[0mGET /table [36m304[0m 1.639 ms - -[0m
[0mGET /table [36m304[0m 1.587 ms - -[0m
[0mGET /table [36m304[0m 1.636 ms - -[0m
[0mGET /table [36m304[0m 1.546 ms - -[0m
[0mGET /table [36m304[0m 1.658 ms - -[0m
[0mGET /table [36m304[0m 1.613 ms - -[0m
[0mGET /table [36m304[0m 1.668 ms - -[0m
[0mGET /table [36m304[0m 1.670 ms - -[0m
[0mGET /table [36m304[0m 1.549 ms - -[0m
[0mGET /table [36m304[0m 1.635 ms - -[0m
[0mGET /table [36m304[0m 1.615 ms - -[0m
[0mGET /table [36m304[0m 1.618 ms - -[0m
[0mGET /table [36m304[0m 1.616 ms - -[0m
[0mGET /table [36m304[0m 1.576 ms - -[0m
[0mGET /table [36m304[0m 1.641 ms - -[0m
[0mGET /table [36m304[0m 1.984 ms - -[0m
[0mGET /table [36m304[0m 1.659 ms - -[0m
[0mGET /table [36m304[0m 1.659 ms - -[0m
[0mGET /table [36m304[0m 1.646 ms - -[0m
[0mGET /table [36m304[0m 13.881 ms - -[0m
[0mGET /table [36m304[0m 1.615 ms - -[0m
[0mGET /table [36m304[0m 2.128 ms - -[0m
[0mGET /table [36m304[0m 8.406 ms - -[0m
[0mGET /table [36m304[0m 1.653 ms - -[0m
[0mGET /table [36m304[0m 1.640 ms - -[0m
[0mGET /table [36m304[0m 1.593 ms - -[0m
[0mGET /table [36m304[0m 1.626 ms - -[0m
[0mGET /table [36m304[0m 1.598 ms - -[0m
[0mGET /table [36m304[0m 2.140 ms - -[0m
[0mGET /table [36m304[0m 1.625 ms - -[0m
[0mGET /table [36m304[0m 2.173 ms - -[0m
[0mGET /table [36m304[0m 1.619 ms - -[0m
[0mGET /table [36m304[0m 1.522 ms - -[0m
[0mGET /table [36m304[0m 1.632 ms - -[0m
[0mGET /table [36m304[0m 2.843 ms - -[0m
[0mGET /table [36m304[0m 1.599 ms - -[0m
[0mGET /table [36m304[0m 1.652 ms - -[0m
[0mGET /table [36m304[0m 1.645 ms - -[0m
[0mGET /table [36m304[0m 1.574 ms - -[0m
[0mGET /table [36m304[0m 1.545 ms - -[0m
[0mGET /table [36m304[0m 1.605 ms - -[0m
[0mGET /table [36m304[0m 1.563 ms - -[0m
[0mGET /table [36m304[0m 1.582 ms - -[0m
[0mGET /table [36m304[0m 1.551 ms - -[0m
[0mGET /table [36m304[0m 1.523 ms - -[0m
[0mGET /table [36m304[0m 1.583 ms - -[0m
[0mGET /table [36m304[0m 1.594 ms - -[0m
[0mGET /table [36m304[0m 1.675 ms - -[0m
[0mGET /table [36m304[0m 1.642 ms - -[0m
[0mGET /table [36m304[0m 2.201 ms - -[0m
[0mGET /table [36m304[0m 1.620 ms - -[0m
[0mGET /table [36m304[0m 9.734 ms - -[0m
[0mGET /table [36m304[0m 2.845 ms - -[0m
[0mGET /table [36m304[0m 1.537 ms - -[0m
[0mGET /table [36m304[0m 1.527 ms - -[0m
[0mGET /table [36m304[0m 1.530 ms - -[0m
[0mGET /table [36m304[0m 1.523 ms - -[0m
[0mGET /table [36m304[0m 2.323 ms - -[0m
[0mGET /table [36m304[0m 5.030 ms - -[0m
[0mGET /table [36m304[0m 1.592 ms - -[0m
[0mGET /table [36m304[0m 1.509 ms - -[0m
[0mGET /table [36m304[0m 1.572 ms - -[0m
[0mGET /table [36m304[0m 1.520 ms - -[0m
[0mGET /table [36m304[0m 1.531 ms - -[0m
[0mGET /table [36m304[0m 1.572 ms - -[0m
[0mGET /table [36m304[0m 1.542 ms - -[0m
[0mGET /table [36m304[0m 1.574 ms - -[0m
[0mGET /table [36m304[0m 1.568 ms - -[0m
[0mGET /table [36m304[0m 1.927 ms - -[0m
[0mGET /table [36m304[0m 1.563 ms - -[0m
[0mGET /table [32m200[0m 1.465 ms - 439[0m
[0mGET /favicon.ico [33m404[0m 0.340 ms - 45[0m
[0mGET /table [36m304[0m 1.631 ms - -[0m
[0mGET /table [36m304[0m 1.512 ms - -[0m
[0mGET /table [36m304[0m 1.471 ms - -[0m
[0mGET /table [36m304[0m 2.077 ms - -[0m
[0mGET /table [36m304[0m 1.484 ms - -[0m
[0mGET /table [36m304[0m 1.538 ms - -[0m
[0mGET /table [36m304[0m 1.595 ms - -[0m
[0mGET /table [36m304[0m 1.640 ms - -[0m
[0mGET /table [36m304[0m 1.507 ms - -[0m
[0mGET /table [36m304[0m 1.559 ms - -[0m
[0mGET /table [36m304[0m 1.589 ms - -[0m
[0mGET /table [36m304[0m 1.534 ms - -[0m
[0mGET /table [36m304[0m 1.512 ms - -[0m
[0mGET /table [36m304[0m 6.874 ms - -[0m
[0mGET /table [36m304[0m 2.063 ms - -[0m
[0mGET /table [36m304[0m 1.558 ms - -[0m
[0mGET /table [36m304[0m 1.526 ms - -[0m
[0mGET /table [36m304[0m 1.694 ms - -[0m
[0mGET /table [36m304[0m 1.546 ms - -[0m
[0mGET /table [36m304[0m 1.553 ms - -[0m
[0mGET /table [36m304[0m 1.499 ms - -[0m
[0mGET /table [36m304[0m 1.501 ms - -[0m
[0mGET /table [36m304[0m 1.553 ms - -[0m
[0mGET /table [36m304[0m 2.305 ms - -[0m
[0mGET /table [32m200[0m 1.467 ms - 439[0m
[0mGET /table [36m304[0m 1.510 ms - -[0m
[0mGET /table [36m304[0m 1.542 ms - -[0m
[0mGET /table [36m304[0m 1.538 ms - -[0m
[0mGET /table [36m304[0m 1.527 ms - -[0m
[0mGET /table [36m304[0m 1.480 ms - -[0m
[0mGET /table [36m304[0m 1.505 ms - -[0m
[0mGET /table [36m304[0m 1.526 ms - -[0m
[0mGET /table [36m304[0m 1.547 ms - -[0m
[0mGET /table [36m304[0m 1.556 ms - -[0m
[0mGET /table [36m304[0m 1.545 ms - -[0m
[0mGET /table [36m304[0m 1.526 ms - -[0m
[0mGET /table [36m304[0m 1.537 ms - -[0m
[0mGET /table [36m304[0m 1.567 ms - -[0m
[0mGET /table [36m304[0m 1.571 ms - -[0m
[0mGET /table [36m304[0m 1.564 ms - -[0m
[0mGET /table [36m304[0m 1.538 ms - -[0m
[0mGET /table [36m304[0m 1.534 ms - -[0m
[0mGET /table [36m304[0m 1.554 ms - -[0m
[0mGET /table [36m304[0m 1.562 ms - -[0m
[0mGET /table [36m304[0m 1.537 ms - -[0m
[0mGET /table [36m304[0m 1.573 ms - -[0m
[0mGET /table [36m304[0m 1.504 ms - -[0m
[0mGET /table [32m200[0m 1.474 ms - 439[0m
[0mGET /table [36m304[0m 2.256 ms - -[0m
[0mGET /table [36m304[0m 1.579 ms - -[0m
[0mGET /table [36m304[0m 1.545 ms - -[0m
[0mGET /table [36m304[0m 1.500 ms - -[0m
[0mGET /table [36m304[0m 1.530 ms - -[0m
[0mGET /table [36m304[0m 1.546 ms - -[0m
[0mGET /table [36m304[0m 1.555 ms - -[0m
[0mGET /table [36m304[0m 1.603 ms - -[0m
[0mGET /table [36m304[0m 1.503 ms - -[0m
[0mGET /table [36m304[0m 1.538 ms - -[0m
[0mGET /table [36m304[0m 1.553 ms - -[0m
[0mGET /table [36m304[0m 1.581 ms - -[0m
[0mGET /table [36m304[0m 3.255 ms - -[0m
[0mGET /table [36m304[0m 2.239 ms - -[0m
[0mGET /table [36m304[0m 1.564 ms - -[0m
[0mGET /table [36m304[0m 1.525 ms - -[0m
[0mGET /table [36m304[0m 1.487 ms - -[0m
[0mGET /table [36m304[0m 1.534 ms - -[0m
[0mGET /table [36m304[0m 1.658 ms - -[0m
[0mGET /table [36m304[0m 1.552 ms - -[0m
[0mGET /table [36m304[0m 1.508 ms - -[0m
[0mGET /table [36m304[0m 1.550 ms - -[0m
[0mGET /table [36m304[0m 1.524 ms - -[0m
[0mGET /table [36m304[0m 4.347 ms - -[0m
[0mGET /table [36m304[0m 1.519 ms - -[0m
[0mGET /table [36m304[0m 1.517 ms - -[0m
[0mGET /table [36m304[0m 2.232 ms - -[0m
[0mGET /table [36m304[0m 1.523 ms - -[0m
[0mGET /table [36m304[0m 1.468 ms - -[0m
[0mGET /table [36m304[0m 2.743 ms - -[0m
[0mGET /table [36m304[0m 1.516 ms - -[0m
[0mGET /table [36m304[0m 1.512 ms - -[0m
[0mGET /table [36m304[0m 1.529 ms - -[0m
[0mGET /table [36m304[0m 1.538 ms - -[0m
[0mGET /table [36m304[0m 1.488 ms - -[0m
[0mGET /table [36m304[0m 1.478 ms - -[0m
[0mGET /table [36m304[0m 1.522 ms - -[0m
[0mGET /table [36m304[0m 1.529 ms - -[0m
[0mGET /table [36m304[0m 1.513 ms - -[0m
[0mGET /table [36m304[0m 3.287 ms - -[0m
[0mGET /table [36m304[0m 1.523 ms - -[0m
[0mGET /table [36m304[0m 1.493 ms - -[0m
[0mGET /table [36m304[0m 1.524 ms - -[0m
[0mGET /table [36m304[0m 1.519 ms - -[0m
[0mGET /table [36m304[0m 1.496 ms - -[0m
[0mGET /table [36m304[0m 1.525 ms - -[0m
[0mGET /table [36m304[0m 1.503 ms - -[0m
[0mGET /table [36m304[0m 1.528 ms - -[0m
[0mGET /table [36m304[0m 1.516 ms - -[0m
[0mGET /table [36m304[0m 1.508 ms - -[0m
[0mGET /table [36m304[0m 1.578 ms - -[0m
[0mGET /table [36m304[0m 1.476 ms - -[0m
[0mGET /table [36m304[0m 2.256 ms - -[0m
[0mGET /table [36m304[0m 1.592 ms - -[0m
[0mGET /table [36m304[0m 3.575 ms - -[0m
[0mGET /table [36m304[0m 1.503 ms - -[0m
[0mGET /table [36m304[0m 1.512 ms - -[0m
[0mGET /table [36m304[0m 1.466 ms - -[0m
[0mGET /table [36m304[0m 1.569 ms - -[0m
[0mGET /table [36m304[0m 1.541 ms - -[0m
[0mGET /table [36m304[0m 1.463 ms - -[0m
[0mGET /table [36m304[0m 1.491 ms - -[0m
[0mGET /table [36m304[0m 5.518 ms - -[0m
[0mGET /table [36m304[0m 1.459 ms - -[0m
[0mGET /table [36m304[0m 1.479 ms - -[0m
[0mGET /table [36m304[0m 1.445 ms - -[0m
[0mGET /table [36m304[0m 4.844 ms - -[0m
[0mGET /table [36m304[0m 1.526 ms - -[0m
[0mGET /table [36m304[0m 1.503 ms - -[0m
[0mGET /table [36m304[0m 1.441 ms - -[0m
[0mGET /table [36m304[0m 1.524 ms - -[0m
[0mGET /table [36m304[0m 1.834 ms - -[0m
[0mGET /table [36m304[0m 1.469 ms - -[0m
[0mGET /table [36m304[0m 1.482 ms - -[0m
[0mGET /table [36m304[0m 1.521 ms - -[0m
[0mGET /table [36m304[0m 1.468 ms - -[0m
[0mGET /table [36m304[0m 1.526 ms - -[0m
[0mGET /table [36m304[0m 1.465 ms - -[0m
[0mGET /table [36m304[0m 1.475 ms - -[0m
[0mGET /table [36m304[0m 1.513 ms - -[0m
[0mGET /table [36m304[0m 2.723 ms - -[0m
[0mGET /table [36m304[0m 3.249 ms - -[0m
[0mGET /table [36m304[0m 1.496 ms - -[0m
[0mGET /table [36m304[0m 1.557 ms - -[0m
[0mGET /table [36m304[0m 1.444 ms - -[0m
[0mGET /table [36m304[0m 1.466 ms - -[0m
[0mGET /table [36m304[0m 1.512 ms - -[0m
[0mGET /table [36m304[0m 1.459 ms - -[0m
[0mGET /table [36m304[0m 1.439 ms - -[0m
[0mGET /table [36m304[0m 1.495 ms - -[0m
[0mGET /table [36m304[0m 8.346 ms - -[0m
[0mGET /table [36m304[0m 1.477 ms - -[0m
[0mGET /table [36m304[0m 1.539 ms - -[0m
[0mGET /table [36m304[0m 2.925 ms - -[0m
[0mGET /table [36m304[0m 1.461 ms - -[0m
[0mGET /table [36m304[0m 1.509 ms - -[0m
[0mGET /table [36m304[0m 1.606 ms - -[0m
[0mGET /table [36m304[0m 1.517 ms - -[0m
[0mGET /table [36m304[0m 1.542 ms - -[0m
[0mGET /table [36m304[0m 1.488 ms - -[0m
[0mGET /table [36m304[0m 1.509 ms - -[0m
[0mGET /table [36m304[0m 1.503 ms - -[0m
[0mGET /table [36m304[0m 1.447 ms - -[0m
[0mGET /table [36m304[0m 2.163 ms - -[0m
[0mGET /table [36m304[0m 1.416 ms - -[0m
[0mGET /table [36m304[0m 1.443 ms - -[0m
[0mGET /table [36m304[0m 1.562 ms - -[0m
[0mGET /table [36m304[0m 1.491 ms - -[0m
[0mGET /table [36m304[0m 1.441 ms - -[0m
[0mGET /table [36m304[0m 1.527 ms - -[0m
[0mGET /table [36m304[0m 1.458 ms - -[0m
[0mGET /table [36m304[0m 1.472 ms - -[0m
[0mGET /table [36m304[0m 1.434 ms - -[0m
[0mGET /table [36m304[0m 1.469 ms - -[0m
[0mGET /table [36m304[0m 1.502 ms - -[0m
[0mGET /table [36m304[0m 1.438 ms - -[0m
[0mGET /table [36m304[0m 3.244 ms - -[0m
[0mGET /table [36m304[0m 1.465 ms - -[0m
[0mGET /table [36m304[0m 1.498 ms - -[0m
[0mGET /table [36m304[0m 1.447 ms - -[0m
[0mGET /table [36m304[0m 1.473 ms - -[0m
[0mGET /table [36m304[0m 1.557 ms - -[0m
[0mGET /table [36m304[0m 1.461 ms - -[0m
[0mGET /table [36m304[0m 1.448 ms - -[0m
[0mGET /table [36m304[0m 1.637 ms - -[0m
[0mGET /table [36m304[0m 1.483 ms - -[0m
[0mGET /table [36m304[0m 1.465 ms - -[0m
[0mGET /table [36m304[0m 1.482 ms - -[0m
[0mGET /table [36m304[0m 1.552 ms - -[0m
[0mGET /table [36m304[0m 2.207 ms - -[0m
[0mGET /table [36m304[0m 1.487 ms - -[0m
[0mGET /table [36m304[0m 1.832 ms - -[0m
[0mGET /table [36m304[0m 1.443 ms - -[0m
[0mGET /table [36m304[0m 1.514 ms - -[0m
[0mGET /table [36m304[0m 1.466 ms - -[0m
[0mGET /table [36m304[0m 1.521 ms - -[0m
[0mGET /table [36m304[0m 1.462 ms - -[0m
[0mGET /table [36m304[0m 10.476 ms - -[0m
[0mGET /table [36m304[0m 1.544 ms - -[0m
[0mGET /table [36m304[0m 1.468 ms - -[0m
[0mGET /table [36m304[0m 1.495 ms - -[0m
[0mGET /table [36m304[0m 1.611 ms - -[0m
[0mGET /table [36m304[0m 1.568 ms - -[0m
[0mGET /table [36m304[0m 1.444 ms - -[0m
[0mGET /table [36m304[0m 1.483 ms - -[0m
[0mGET /table [36m304[0m 1.462 ms - -[0m
[0mGET /table [36m304[0m 1.413 ms - -[0m
[0mGET /table [36m304[0m 1.465 ms - -[0m
[0mGET /table [36m304[0m 1.520 ms - -[0m
[0mGET /table [36m304[0m 1.425 ms - -[0m
[0mGET /table [36m304[0m 1.458 ms - -[0m
[0mGET /table [36m304[0m 1.433 ms - -[0m
[0mGET /table [36m304[0m 1.760 ms - -[0m
[0mGET /table [36m304[0m 1.811 ms - -[0m
[0mGET /table [36m304[0m 1.416 ms - -[0m
[0mGET /table [36m304[0m 1.394 ms - -[0m
[0mGET /table [36m304[0m 2.301 ms - -[0m
[0mGET /table [36m304[0m 2.722 ms - -[0m
[0mGET /table [36m304[0m 1.470 ms - -[0m
[0mGET /table [36m304[0m 1.453 ms - -[0m
[0mGET /table [36m304[0m 1.456 ms - -[0m
[0mGET /table [36m304[0m 1.466 ms - -[0m
[0mGET /table [36m304[0m 1.562 ms - -[0m
[0mGET /table [36m304[0m 1.442 ms - -[0m
[0mGET /table [36m304[0m 1.517 ms - -[0m
[0mGET /table [36m304[0m 3.115 ms - -[0m
[0mGET /table [36m304[0m 1.412 ms - -[0m
[0mGET /table [36m304[0m 1.468 ms - -[0m
[0mGET /table [36m304[0m 1.505 ms - -[0m
[0mGET /table [36m304[0m 1.504 ms - -[0m
[0mGET /table [36m304[0m 1.450 ms - -[0m
[0mGET /table [36m304[0m 1.539 ms - -[0m
[0mGET /table [36m304[0m 1.547 ms - -[0m
[0mGET /table [36m304[0m 1.481 ms - -[0m
[0mGET /table [36m304[0m 1.492 ms - -[0m
[0mGET /table [36m304[0m 1.438 ms - -[0m
[0mGET /table [36m304[0m 1.404 ms - -[0m
[0mGET /table [36m304[0m 2.155 ms - -[0m
[0mGET /table [36m304[0m 1.439 ms - -[0m
[0mGET /table [36m304[0m 1.508 ms - -[0m
[0mGET /table [36m304[0m 1.458 ms - -[0m
[0mGET /table [36m304[0m 1.545 ms - -[0m
[0mGET /table [36m304[0m 1.487 ms - -[0m
[0mGET /table [36m304[0m 1.459 ms - -[0m
[0mGET /table [36m304[0m 1.520 ms - -[0m
[0mGET /table [36m304[0m 1.480 ms - -[0m
[0mGET /table [36m304[0m 1.441 ms - -[0m
[0mGET /table [36m304[0m 1.655 ms - -[0m
[0mGET /table [36m304[0m 1.444 ms - -[0m
[0mGET /table [36m304[0m 2.183 ms - -[0m
[0mGET /table [36m304[0m 1.410 ms - -[0m
[0mGET /table [36m304[0m 1.450 ms - -[0m
[0mGET /table [36m304[0m 1.555 ms - -[0m
[0mGET /table [36m304[0m 1.472 ms - -[0m
[0mGET /table [36m304[0m 1.437 ms - -[0m
[0mGET /table [36m304[0m 1.457 ms - -[0m
[0mGET /table [36m304[0m 1.436 ms - -[0m
[0mGET /table [36m304[0m 1.446 ms - -[0m
[0mGET /table [36m304[0m 1.466 ms - -[0m
[0mGET /table [36m304[0m 1.396 ms - -[0m
[0mGET /table [36m304[0m 1.457 ms - -[0m
[0mGET /table [36m304[0m 3.261 ms - -[0m
[0mGET /table [36m304[0m 1.403 ms - -[0m
[0mGET /table [36m304[0m 1.509 ms - -[0m
[0mGET /table [36m304[0m 1.467 ms - -[0m
[0mGET /table [36m304[0m 1.426 ms - -[0m
[0mGET /table [36m304[0m 1.943 ms - -[0m
[0mGET /table [36m304[0m 1.460 ms - -[0m
[0mGET /table [36m304[0m 1.469 ms - -[0m
[0mGET /table [36m304[0m 1.438 ms - -[0m
[0mGET /table [36m304[0m 1.452 ms - -[0m
[0mGET /table [36m304[0m 1.464 ms - -[0m
[0mGET /table [36m304[0m 1.500 ms - -[0m
[0mGET /table [36m304[0m 2.168 ms - -[0m
[0mGET /table [36m304[0m 1.447 ms - -[0m
[0mGET /table [36m304[0m 1.400 ms - -[0m
[0mGET /table [36m304[0m 1.472 ms - -[0m
[0mGET /table [36m304[0m 1.500 ms - -[0m
[0mGET /table [36m304[0m 1.445 ms - -[0m
[0mGET /table [36m304[0m 1.422 ms - -[0m
[0mGET /table [36m304[0m 1.464 ms - -[0m
[0mGET /table [32m200[0m 3.709 ms - 439[0m
[0mGET /table [36m304[0m 1.433 ms - -[0m
[0mGET /table [36m304[0m 1.418 ms - -[0m
[0mGET /table [36m304[0m 1.489 ms - -[0m
[0mGET /table [36m304[0m 2.099 ms - -[0m
[0mGET /table [36m304[0m 5.871 ms - -[0m
[0mGET /table [36m304[0m 1.420 ms - -[0m
[0mGET /table [32m200[0m 1.444 ms - 439[0m
[0mGET /table [32m200[0m 1.454 ms - 439[0m
[0mGET /table [36m304[0m 1.450 ms - -[0m
[0mGET /table [36m304[0m 2.433 ms - -[0m
[0mGET /table [36m304[0m 1.460 ms - -[0m
[0mGET /table [36m304[0m 1.425 ms - -[0m
[0mGET /table [36m304[0m 7.209 ms - -[0m
[0mGET /table [36m304[0m 1.446 ms - -[0m
[0mGET /table [36m304[0m 1.440 ms - -[0m
[0mGET /table [36m304[0m 1.503 ms - -[0m
[0mGET /table [36m304[0m 1.484 ms - -[0m
[0mGET /table [36m304[0m 1.490 ms - -[0m
[0mGET /table [36m304[0m 1.650 ms - -[0m
[0mGET /table [36m304[0m 1.460 ms - -[0m
[0mGET /table [36m304[0m 1.445 ms - -[0m
[0mGET /table [36m304[0m 1.420 ms - -[0m
[0mGET /table [36m304[0m 1.431 ms - -[0m
[0mGET /table [36m304[0m 1.471 ms - -[0m
[0mGET /table [36m304[0m 1.447 ms - -[0m
[0mGET /table [36m304[0m 1.492 ms - -[0m
[0mGET /table [36m304[0m 1.388 ms - -[0m
[0mGET /table [36m304[0m 1.434 ms - -[0m
[0mGET /table [36m304[0m 1.490 ms - -[0m
[0mGET /table [36m304[0m 1.505 ms - -[0m
[0mGET /table [36m304[0m 1.419 ms - -[0m
[0mGET /table [36m304[0m 1.393 ms - -[0m
[0mGET /table [36m304[0m 1.440 ms - -[0m
[0mGET /table [36m304[0m 1.494 ms - -[0m
[0mGET /table [36m304[0m 1.520 ms - -[0m
[0mGET /table [36m304[0m 1.468 ms - -[0m
[0mGET /table [36m304[0m 1.485 ms - -[0m
[0mGET /table [36m304[0m 1.425 ms - -[0m
[0mGET /table [36m304[0m 1.979 ms - -[0m
[0mGET /table [36m304[0m 1.567 ms - -[0m
[0mGET /table [36m304[0m 2.120 ms - -[0m
[0mGET /table [36m304[0m 1.537 ms - -[0m
[0mGET /table [36m304[0m 1.412 ms - -[0m
[0mGET /table [36m304[0m 1.498 ms - -[0m
[0mGET /table [36m304[0m 1.452 ms - -[0m
[0mGET /table [36m304[0m 1.634 ms - -[0m
[0mGET /table [36m304[0m 1.460 ms - -[0m
[0mGET /table [36m304[0m 1.455 ms - -[0m
[0mGET /table [36m304[0m 1.465 ms - -[0m
[0mGET /table [36m304[0m 1.424 ms - -[0m
[0mGET /table [36m304[0m 1.439 ms - -[0m
[0mGET /table [36m304[0m 1.447 ms - -[0m
[0mGET /table [36m304[0m 1.434 ms - -[0m
[0mGET /table [36m304[0m 2.175 ms - -[0m
[0mGET /table [36m304[0m 1.484 ms - -[0m
[0mGET /table [36m304[0m 1.468 ms - -[0m
[0mGET /table [36m304[0m 1.449 ms - -[0m
[0mGET /table [36m304[0m 1.498 ms - -[0m
[0mGET /table [36m304[0m 1.501 ms - -[0m
[0mGET /table [36m304[0m 1.546 ms - -[0m
[0mGET /table [36m304[0m 1.496 ms - -[0m
[0mGET /table [36m304[0m 1.466 ms - -[0m
[0mGET /table [36m304[0m 1.475 ms - -[0m
[0mGET /table [36m304[0m 1.418 ms - -[0m
[0mGET /table [36m304[0m 1.473 ms - -[0m
[0mGET /table [36m304[0m 1.520 ms - -[0m
[0mGET /table [36m304[0m 1.436 ms - -[0m
[0mGET /table [36m304[0m 1.450 ms - -[0m
[0mGET /table [36m304[0m 1.420 ms - -[0m
[0mGET /table [36m304[0m 1.423 ms - -[0m
[0mGET /table [36m304[0m 1.423 ms - -[0m
[0mGET /table [36m304[0m 1.492 ms - -[0m
[0mGET /table [36m304[0m 13.516 ms - -[0m
[0mGET /table [36m304[0m 28.515 ms - -[0m
[0mGET /table [36m304[0m 4.212 ms - -[0m
[0mGET /table [32m200[0m 140.595 ms - 527[0m
[0mGET /table [32m200[0m 4.659 ms - 527[0m
[0mGET /table [36m304[0m 2.659 ms - -[0m
[0mGET /table [36m304[0m 2.506 ms - -[0m
[0mGET /table [36m304[0m 4.029 ms - -[0m
[0mGET /table [32m200[0m 2.102 ms - 527[0m
[0mGET / [33m404[0m 0.774 ms - 45[0m
[0mGET / [33m404[0m 0.477 ms - 45[0m
[0mGET /table [36m304[0m 8.833 ms - -[0m
[0mGET /table [36m304[0m 2.564 ms - -[0m
[0mGET /table [36m304[0m 10.099 ms - -[0m
[0mGET /table [36m304[0m 1.986 ms - -[0m
[0mGET /table [36m304[0m 3.457 ms - -[0m
[0mGET /table [36m304[0m 3.043 ms - -[0m
[0mGET /table [36m304[0m 2.964 ms - -[0m
[0mGET /table [36m304[0m 2.035 ms - -[0m
[0mGET /table [36m304[0m 1.915 ms - -[0m
[0mGET /table [36m304[0m 2.079 ms - -[0m
[0mGET /table [36m304[0m 1.893 ms - -[0m
[0mGET /table [36m304[0m 1.890 ms - -[0m
[0mGET /table [36m304[0m 1.715 ms - -[0m
[0mGET /table [36m304[0m 2.577 ms - -[0m
[0mGET /table [36m304[0m 1.656 ms - -[0m
[0mGET /table [36m304[0m 1.850 ms - -[0m
[0mGET /table [36m304[0m 1.709 ms - -[0m
[0mGET /table [36m304[0m 1.663 ms - -[0m
[0mGET /table [36m304[0m 1.634 ms - -[0m
[0mGET /table [36m304[0m 1.652 ms - -[0m
[0mGET /table [32m200[0m 1.616 ms - 527[0m
[0mGET /table [36m304[0m 1.710 ms - -[0m
[0mGET /table [36m304[0m 9.902 ms - -[0m
[0mGET /table [36m304[0m 1.668 ms - -[0m
[0mGET /table [36m304[0m 1.649 ms - -[0m
[0mGET /table [36m304[0m 1.747 ms - -[0m
[0mGET /table [36m304[0m 1.674 ms - -[0m
[0mGET /table [36m304[0m 1.630 ms - -[0m
[0mGET /table [36m304[0m 1.642 ms - -[0m
[0mGET /table [36m304[0m 1.737 ms - -[0m
[0mGET /table [36m304[0m 1.856 ms - -[0m
[0mGET /table [36m304[0m 1.677 ms - -[0m
[0mGET /table [36m304[0m 1.831 ms - -[0m
[0mGET /table [36m304[0m 1.686 ms - -[0m
[0mGET /table [36m304[0m 1.894 ms - -[0m
[0mGET /table [36m304[0m 1.600 ms - -[0m
[0mGET /table [36m304[0m 1.669 ms - -[0m
[0mGET /table [36m304[0m 1.709 ms - -[0m
[0mGET /table [36m304[0m 1.688 ms - -[0m
[0mGET /table [36m304[0m 1.642 ms - -[0m
[0mGET /table [36m304[0m 6.841 ms - -[0m
[0mGET /table [36m304[0m 2.424 ms - -[0m
[0mGET /table [36m304[0m 1.631 ms - -[0m
[0mGET /table [36m304[0m 1.647 ms - -[0m
[0mGET /table [36m304[0m 2.417 ms - -[0m
[0mGET /table [36m304[0m 2.917 ms - -[0m
[0mGET /table [36m304[0m 1.550 ms - -[0m
[0mGET /table [36m304[0m 1.607 ms - -[0m
[0mGET /table [36m304[0m 1.602 ms - -[0m
[0mGET /table [36m304[0m 1.595 ms - -[0m
[0mGET /table [36m304[0m 1.549 ms - -[0m
[0mGET /table [36m304[0m 1.601 ms - -[0m
[0mGET /table [36m304[0m 1.608 ms - -[0m
[0mGET /table [36m304[0m 1.601 ms - -[0m
[0mGET /table [36m304[0m 1.633 ms - -[0m
[0mGET /table [36m304[0m 1.678 ms - -[0m
[0mGET /table [36m304[0m 4.797 ms - -[0m
[0mGET /table [36m304[0m 1.554 ms - -[0m
[0mGET /table [36m304[0m 1.612 ms - -[0m
[0mGET /table [36m304[0m 1.654 ms - -[0m
[0mGET /table [36m304[0m 1.498 ms - -[0m
[0mGET /table [36m304[0m 1.562 ms - -[0m
[0mGET /table [36m304[0m 1.732 ms - -[0m
[0mGET /table [36m304[0m 2.141 ms - -[0m
[0mGET /table [36m304[0m 1.547 ms - -[0m
[0mGET /table [36m304[0m 1.545 ms - -[0m
[0mGET /table [36m304[0m 3.101 ms - -[0m
[0mGET /table [36m304[0m 1.529 ms - -[0m
[0mGET /table [36m304[0m 1.595 ms - -[0m
[0mGET /table [36m304[0m 1.626 ms - -[0m
[0mGET /table [36m304[0m 1.764 ms - -[0m
[0mGET /table [36m304[0m 1.584 ms - -[0m
[0mGET /table [36m304[0m 1.726 ms - -[0m
[0mGET /table [36m304[0m 1.597 ms - -[0m
[0mGET /table [36m304[0m 1.598 ms - -[0m
[0mGET /table [36m304[0m 1.644 ms - -[0m
[0mGET /table [36m304[0m 1.571 ms - -[0m
[0mGET /table [36m304[0m 1.518 ms - -[0m
[0mGET /table [36m304[0m 1.615 ms - -[0m
[0mGET /table [36m304[0m 1.623 ms - -[0m
[0mGET /table [36m304[0m 2.084 ms - -[0m
[0mGET /table [36m304[0m 1.563 ms - -[0m
[0mGET /table [36m304[0m 1.579 ms - -[0m
[0mGET /table [36m304[0m 1.548 ms - -[0m
[0mGET /table [36m304[0m 1.558 ms - -[0m
[0mGET /table [36m304[0m 1.587 ms - -[0m
[0mGET /table [36m304[0m 1.634 ms - -[0m
[0mGET /table [36m304[0m 1.538 ms - -[0m
[0mGET /table [36m304[0m 1.583 ms - -[0m
[0mGET /table [36m304[0m 1.584 ms - -[0m
[0mGET /table [36m304[0m 2.837 ms - -[0m
[0mGET /table [36m304[0m 2.316 ms - -[0m
[0mGET /table [36m304[0m 1.550 ms - -[0m
[0mGET /table [36m304[0m 1.598 ms - -[0m
[0mGET /table [36m304[0m 1.607 ms - -[0m
[0mGET /table [36m304[0m 1.589 ms - -[0m
[0mGET /table [36m304[0m 1.587 ms - -[0m
[0mGET /table [36m304[0m 1.578 ms - -[0m
[0mGET /table [36m304[0m 2.786 ms - -[0m
[0mGET /table [36m304[0m 1.583 ms - -[0m
[0mGET /table [36m304[0m 1.589 ms - -[0m
[0mGET /table [36m304[0m 1.623 ms - -[0m
[0mGET /table [36m304[0m 1.647 ms - -[0m
[0mGET /table [36m304[0m 2.384 ms - -[0m
[0mGET /table [36m304[0m 1.520 ms - -[0m
[0mGET /table [36m304[0m 1.537 ms - -[0m
[0mGET /table [36m304[0m 1.899 ms - -[0m
[0mGET /table [36m304[0m 1.501 ms - -[0m
[0mGET /table [36m304[0m 1.578 ms - -[0m
[0mGET /table [36m304[0m 1.526 ms - -[0m
[0mGET /table [36m304[0m 1.503 ms - -[0m
[0mGET /table [36m304[0m 1.637 ms - -[0m
[0mGET /table [36m304[0m 1.496 ms - -[0m
[0mGET /table [36m304[0m 1.562 ms - -[0m
[0mGET /table [36m304[0m 1.562 ms - -[0m
[0mGET /table [36m304[0m 1.586 ms - -[0m
[0mGET /table [36m304[0m 1.518 ms - -[0m
[0mGET /table [36m304[0m 1.616 ms - -[0m
[0mGET /table [36m304[0m 1.545 ms - -[0m
[0mGET /table [36m304[0m 1.604 ms - -[0m
[0mGET / [33m404[0m 0.370 ms - 45[0m
[0mGET / [33m404[0m 18.091 ms - 45[0m
[0mGET /favicon.ico [33m404[0m 0.368 ms - 45[0m
[0mGET /robots.txt [33m404[0m 1.860 ms - 45[0m
[0mGET /sitemap.xml [33m404[0m 0.480 ms - 45[0m
[0mGET /table [36m304[0m 221.179 ms - -[0m
[0mGET /table [36m304[0m 523.032 ms - -[0m
[0mGET /table [36m304[0m 7.918 ms - -[0m
[0mGET /table [36m304[0m 10.053 ms - -[0m
[0mGET /table [36m304[0m 1.602 ms - -[0m
[0mGET /table [36m304[0m 1.708 ms - -[0m
[0mGET /table [36m304[0m 1.595 ms - -[0m
[0mGET / [33m404[0m 6.896 ms - 45[0m
[0mGET / [33m404[0m 0.405 ms - 45[0m
[0mGET / [33m404[0m 0.306 ms - 45[0m
[0mGET / [33m404[0m 0.468 ms - 45[0m
[0mGET / [33m404[0m 0.343 ms - 45[0m
[0mGET /favicon.ico [33m404[0m 1.513 ms - 45[0m
[0mGET //.well-known/security.txt [33m404[0m 10.345 ms - 45[0m
[0mGET //robots.txt [33m404[0m 0.373 ms - 45[0m
[0mGET //sitemap.xml [33m404[0m 0.227 ms - 45[0m
[0mGET /favicon.ico [33m404[0m 2.696 ms - 45[0m
[0mGET / [33m404[0m 0.462 ms - 45[0m
[0mGET / [33m404[0m 108.062 ms - 45[0m
[0mGET / [33m404[0m 2.833 ms - 45[0m
[0mGET / [33m404[0m 1.116 ms - 45[0m
[0mGET / [33m404[0m 1.735 ms - 45[0m
[0mGET / [33m404[0m 7.930 ms - 45[0m
[0mGET / [33m404[0m 113.118 ms - 45[0m
[0mGET / [33m404[0m 116.445 ms - 45[0m
[0mGET / [33m404[0m 1.229 ms - 45[0m
[0mGET / [33m404[0m 0.359 ms - 45[0m
[0mGET /?=PHPE9568F36-D428-11d2-A769-00AA001ACF42 [33m404[0m 0.342 ms - 45[0m
[0mGET /CSS/Miniweb.css [33m404[0m 0.251 ms - 45[0m
[0mGET /.git/HEAD [33m404[0m 0.333 ms - 45[0m
[0mPOST /sdk [33m404[0m 7.892 ms - 45[0m
[0mGET /?=PHPB8B5F2A0-3C92-11d3-A3A9-4C7B08C10000 [33m404[0m 0.320 ms - 45[0m
[0mGET /Portal0000.htm [33m404[0m 0.335 ms - 45[0m
[0mGET /index.jhtml [33m404[0m 0.224 ms - 45[0m
[0mGET /SwME [33m404[0m 0.343 ms - 45[0m
[0mGET /menu.shtml [33m404[0m 0.449 ms - 45[0m
[0mGET /__Additional [33m404[0m 0.236 ms - 45[0m
[0mGET / [33m404[0m 0.329 ms - 45[0m
[0mGET /robots.txt [33m404[0m 0.444 ms - 45[0m
[0mGET /HNAP1 [33m404[0m 0.334 ms - 45[0m
[0mHEAD / [33m404[0m 0.317 ms - 45[0m
[0mGET /nmaplowercheck1653854792 [33m404[0m 0.254 ms - 45[0m
[0mGET /home.cfm [33m404[0m 2.315 ms - 45[0m
[0mGET /Portal/Portal.mwsl [33m404[0m 0.377 ms - 45[0m
[0mGET /index.shtml [33m404[0m 0.374 ms - 45[0m
[0mGET / [33m404[0m 0.275 ms - 45[0m
[0mGET /favicon.ico [33m404[0m 0.417 ms - 45[0m
[0mGET /menu.jsa [33m404[0m 0.261 ms - 45[0m
[0mGET / [33m404[0m 0.383 ms - 45[0m
[0mGET /tomcatwar.jsp [33m404[0m 0.361 ms - 45[0m
[0mGET /ghksjdghdfksanitycheckqwerjlhfgjksdghlid [33m404[0m 0.391 ms - 45[0m
[0mGET / [33m404[0m 1.086 ms - 45[0m
[0mGET / [33m404[0m 0.387 ms - 45[0m
[0mGET / [33m404[0m 0.463 ms - 45[0m
[0mGET / [33m404[0m 0.356 ms - 45[0m
[0mGET / [33m404[0m 0.374 ms - 45[0m
[0mGET / [33m404[0m 0.377 ms - 45[0m
[0mGET /table [36m304[0m 618.047 ms - -[0m
[0mGET /favicon.ico [33m404[0m 0.381 ms - 45[0m
[0mGET /table [32m200[0m 167.735 ms - 881[0m
[0mGET /table [32m200[0m 7.226 ms - 881[0m
[0mGET /table [36m304[0m 4.204 ms - -[0m
[0mGET /table [32m200[0m 2.723 ms - 881[0m
[0mGET /table [36m304[0m 3.316 ms - -[0m
[0mGET /table [36m304[0m 3.489 ms - -[0m
[0mGET /table [32m200[0m 148.556 ms - 880[0m
[0mGET /table [36m304[0m 4.570 ms - -[0m
[0mGET /table [32m200[0m 2.391 ms - 880[0m
[0mGET /table [36m304[0m 2.191 ms - -[0m
[0mGET /table [36m304[0m 3.347 ms - -[0m
[0mGET /table [36m304[0m 2.740 ms - -[0m
[0mGET /table [36m304[0m 2.036 ms - -[0m
[0mGET /table [36m304[0m 3.828 ms - -[0m
[0mGET /table [36m304[0m 2.532 ms - -[0m
[0mGET /table [36m304[0m 2.367 ms - -[0m
[0mGET /table [36m304[0m 3.749 ms - -[0m
[0mGET /table [36m304[0m 11.065 ms - -[0m
[0mGET /table [36m304[0m 1.914 ms - -[0m
[0mGET /table [36m304[0m 3.330 ms - -[0m
[0mGET /table [36m304[0m 2.206 ms - -[0m
[0mGET /table [36m304[0m 5.082 ms - -[0m
[0mGET /table [36m304[0m 1.830 ms - -[0m
[0mGET /table [36m304[0m 2.010 ms - -[0m
[0mGET /table [36m304[0m 1.972 ms - -[0m
[0mGET /table [36m304[0m 3.346 ms - -[0m
[0mGET /table [36m304[0m 1.761 ms - -[0m
[0mGET /table [36m304[0m 2.305 ms - -[0m
[0mGET /table [36m304[0m 2.042 ms - -[0m
[0mGET /table [36m304[0m 3.569 ms - -[0m
[0mGET /table [36m304[0m 2.239 ms - -[0m
[0mGET /table [36m304[0m 2.021 ms - -[0m
[0mGET /table [36m304[0m 1.777 ms - -[0m
[0mGET /table [36m304[0m 5.654 ms - -[0m
[0mGET /table [36m304[0m 1.696 ms - -[0m
[0mGET /table [36m304[0m 1.762 ms - -[0m
[0mGET /table [36m304[0m 1.682 ms - -[0m
[0mGET / [33m404[0m 0.813 ms - 45[0m
[0mGET /table [36m304[0m 3.220 ms - -[0m
[0mGET /table [36m304[0m 1.640 ms - -[0m
[0mGET /table [36m304[0m 1.706 ms - -[0m
[0mGET /table [36m304[0m 1.646 ms - -[0m
[0mGET /table [36m304[0m 2.994 ms - -[0m
[0mGET /table [36m304[0m 1.634 ms - -[0m
[0mGET /table [36m304[0m 1.895 ms - -[0m
[0mGET /table [36m304[0m 1.764 ms - -[0m
[0mGET /table [36m304[0m 3.476 ms - -[0m
[0mGET /table [36m304[0m 4.518 ms - -[0m
[0mGET /table [36m304[0m 2.809 ms - -[0m
[0mGET /table [36m304[0m 1.706 ms - -[0m
[0mGET /table [36m304[0m 3.661 ms - -[0m
[0mGET /table [36m304[0m 1.653 ms - -[0m
[0mGET /table [36m304[0m 1.610 ms - -[0m
[0mGET /table [36m304[0m 2.843 ms - -[0m
[0mGET /table [36m304[0m 3.049 ms - -[0m
[0mGET /table [36m304[0m 1.626 ms - -[0m
[0mGET /table [36m304[0m 2.303 ms - -[0m
[0mGET /table [36m304[0m 3.153 ms - -[0m
[0mGET / [33m404[0m 0.371 ms - 45[0m
[0mGET / [33m404[0m 0.346 ms - 45[0m
[0mGET /table [36m304[0m 4.259 ms - -[0m
[0mGET /table [36m304[0m 1.631 ms - -[0m
[0mGET /table [36m304[0m 1.788 ms - -[0m
[0mGET /table [36m304[0m 3.152 ms - -[0m
[0mGET /table [36m304[0m 1.650 ms - -[0m
[0mGET /table [36m304[0m 1.614 ms - -[0m
[0mGET /table [36m304[0m 1.596 ms - -[0m
[0mGET /table [36m304[0m 2.975 ms - -[0m
[0mGET /table [36m304[0m 1.596 ms - -[0m
[0mGET / [33m404[0m 0.453 ms - 45[0m
[0mGET /table [36m304[0m 1.725 ms - -[0m
[0mGET /table [36m304[0m 2.332 ms - -[0m
[0mGET /table [36m304[0m 2.844 ms - -[0m
[0mGET /table [36m304[0m 1.628 ms - -[0m
[0mGET /table [36m304[0m 1.573 ms - -[0m
[0mGET /table [36m304[0m 1.644 ms - -[0m
[0mGET /table [36m304[0m 2.301 ms - -[0m
[0mGET /table [36m304[0m 1.654 ms - -[0m
[0mGET /table [36m304[0m 1.620 ms - -[0m
[0mGET /table [36m304[0m 1.746 ms - -[0m
[0mGET /table [36m304[0m 1.644 ms - -[0m
[0mGET /table [36m304[0m 1.686 ms - -[0m
[0mGET /table [36m304[0m 1.607 ms - -[0m
[0mGET /table [36m304[0m 1.637 ms - -[0m
[0mGET /table [36m304[0m 1.553 ms - -[0m
[0mGET /table [36m304[0m 1.583 ms - -[0m
[0mGET /table [36m304[0m 2.006 ms - -[0m
[0mGET /table [36m304[0m 1.525 ms - -[0m
[0mGET /table [36m304[0m 1.650 ms - -[0m
[0mGET /table [36m304[0m 1.581 ms - -[0m
[0mGET /table [36m304[0m 4.671 ms - -[0m
[0mGET /table [36m304[0m 1.569 ms - -[0m
[0mGET /table [36m304[0m 1.601 ms - -[0m
[0mGET /table [36m304[0m 1.600 ms - -[0m
[0mGET /table [36m304[0m 1.702 ms - -[0m
[0mGET /table [36m304[0m 1.579 ms - -[0m
[0mGET /table [36m304[0m 1.575 ms - -[0m
[0mGET / [33m404[0m 0.363 ms - 45[0m
[0mGET /table [36m304[0m 1.590 ms - -[0m
[0mGET /table [36m304[0m 1.571 ms - -[0m
[0mGET /table [36m304[0m 1.637 ms - -[0m
[0mGET /table [36m304[0m 1.588 ms - -[0m
[0mGET /table [36m304[0m 2.318 ms - -[0m
[0mGET /table [36m304[0m 1.530 ms - -[0m
[0mGET /table [32m200[0m 2.002 ms - 880[0m
[0mGET /table [36m304[0m 3.147 ms - -[0m
[0mGET /table [36m304[0m 1.653 ms - -[0m
[0mGET /table [36m304[0m 1.556 ms - -[0m
[0mGET /table [36m304[0m 1.902 ms - -[0m
[0mGET /table [36m304[0m 366.194 ms - -[0m
[0mGET /favicon.ico [33m404[0m 8.259 ms - 45[0m
[0mGET / [33m404[0m 90.000 ms - 45[0m
[0mGET / [33m404[0m 0.464 ms - 45[0m
[0mGET / [33m404[0m 2.391 ms - 45[0m
[0mGET / [33m404[0m 0.400 ms - 45[0m
[0mGET / [33m404[0m 0.387 ms - 45[0m
[0mGET /favicon.ico [33m404[0m 0.330 ms - 45[0m
[0mGET / [33m404[0m 0.349 ms - 45[0m
[0mGET / [33m404[0m 0.480 ms - 45[0m
[0mGET / [33m404[0m 9.466 ms - 45[0m
[0mGET /favicon.ico [33m404[0m 31.162 ms - 45[0m
[0mGET / [33m404[0m 80.729 ms - 45[0m
[0mHEAD / [33m404[0m 1.404 ms - 45[0m
[0mGET /system_api.php [33m404[0m 1.856 ms - 45[0m
[0mGET /c/version.js [33m404[0m 0.344 ms - 45[0m
[0mGET /streaming/clients_live.php [33m404[0m 0.352 ms - 45[0m
[0mGET /stalker_portal/c/version.js [33m404[0m 0.345 ms - 45[0m
[0mGET /stream/live.php [33m404[0m 0.344 ms - 45[0m
[0mGET /flu/403.html [33m404[0m 124.073 ms - 45[0m
[0mGET / [33m404[0m 0.332 ms - 45[0m
[0mGET / [33m404[0m 28.258 ms - 45[0m
[0mGET / [33m404[0m 0.389 ms - 45[0m
[0mGET / [33m404[0m 0.439 ms - 45[0m
[0mGET / [33m404[0m 1.271 ms - 45[0m
[0mGET / [33m404[0m 117.028 ms - 45[0m
[0mGET / [33m404[0m 1.760 ms - 45[0m
[0mGET / [33m404[0m 2.991 ms - 45[0m
[0mGET / [33m404[0m 8.576 ms - 45[0m
[0mGET / [33m404[0m 1.220 ms - 45[0m
[0mGET / [33m404[0m 79.711 ms - 45[0m
[0mGET / [33m404[0m 68.446 ms - 45[0m
[0mGET / [33m404[0m 1.501 ms - 45[0m
[0mPUT /vendor/phpunit/phpunit/src/Util/PHP/eval-stdin.php [33m404[0m 61.781 ms - 45[0m
[0mGET /cgi-bin/.%2e/%2e%2e/%2e%2e/%2e%2e/%2e%2e/%2e%2e/%2e%2e/%2e%2e/%2e%2e/etc/hosts [33m404[0m 0.349 ms - 45[0m
[0mGET /.DS_Store [33m404[0m 0.332 ms - 45[0m
[0mGET / [33m404[0m 135.536 ms - 45[0m
[0mGET / [33m404[0m 3.767 ms - 45[0m
[0mGET / [33m404[0m 1.224 ms - 45[0m
[0mGET / [33m404[0m 0.334 ms - 45[0m
[0mGET / [33m404[0m 144.985 ms - 45[0m
[0mGET / [33m404[0m 1.339 ms - 45[0m
[0mGET / [33m404[0m 0.470 ms - 45[0m
[0mGET / [33m404[0m 0.374 ms - 45[0m
[0mGET / [33m404[0m 2.347 ms - 45[0m
[0mGET / [33m404[0m 68.459 ms - 45[0m
[0mGET / [33m404[0m 0.453 ms - 45[0m
[0mGET / [33m404[0m 101.643 ms - 45[0m
[0mGET / [33m404[0m 67.516 ms - 45[0m
[0mGET / [33m404[0m 0.898 ms - 45[0m
[0mGET / [33m404[0m 1.551 ms - 45[0m
[0mGET / [33m404[0m 5.960 ms - 45[0m
[0mGET /favicon.ico [33m404[0m 0.585 ms - 45[0m
[0mGET / [33m404[0m 0.801 ms - 45[0m
[0mGET / [33m404[0m 6.152 ms - 45[0m
[0mGET / [33m404[0m 2.249 ms - 45[0m
[0mGET / [33m404[0m 2.514 ms - 45[0m
[0mGET / [33m404[0m 2.672 ms - 45[0m
[0mGET /favicon.ico [33m404[0m 1.292 ms - 45[0m
[0mGET /robots.txt [33m404[0m 0.394 ms - 45[0m
[0mGET /sitemap.xml [33m404[0m 2.384 ms - 45[0m
[0mGET / [33m404[0m 7.175 ms - 45[0m
[0mGET / [33m404[0m 3.254 ms - 45[0m
[0mGET / [33m404[0m 1.632 ms - 45[0m
[0mGET /login [33m404[0m 6.502 ms - 45[0m
[0mGET / [33m404[0m 0.404 ms - 45[0m
[0mGET / [33m404[0m 1.473 ms - 45[0m
[0mGET / [33m404[0m 0.390 ms - 45[0m
[0mGET / [33m404[0m 0.447 ms - 45[0m
[0mGET / [33m404[0m 69.061 ms - 45[0m
[0mGET / [33m404[0m 124.339 ms - 45[0m
[0mGET / [33m404[0m 1.224 ms - 45[0m
[0mGET /favicon.ico [33m404[0m 2.556 ms - 45[0m
[0mGET / [33m404[0m 0.366 ms - 45[0m
[0mGET / [33m404[0m 1.998 ms - 45[0m
[0mHEAD / [33m404[0m 0.974 ms - 45[0m
[0mGET /system_api.php [33m404[0m 17.930 ms - 45[0m
[0mGET /c/version.js [33m404[0m 1.003 ms - 45[0m
[0mGET /streaming/clients_live.php [33m404[0m 2.338 ms - 45[0m
[0mGET /stalker_portal/c/version.js [33m404[0m 0.352 ms - 45[0m
[0mGET /stream/live.php [33m404[0m 0.404 ms - 45[0m
[0mGET /flu/403.html [33m404[0m 1.197 ms - 45[0m
[0mGET / [33m404[0m 0.338 ms - 45[0m
[0mGET / [33m404[0m 82.615 ms - 45[0m
[0mGET / [33m404[0m 2.061 ms - 45[0m
[0mGET / [33m404[0m 0.313 ms - 45[0m
[0mGET / [33m404[0m 0.428 ms - 45[0m
[0mGET / [33m404[0m 0.423 ms - 45[0m
[0mGET / [33m404[0m 0.330 ms - 45[0m
[0mGET /nmaplowercheck1654825379 [33m404[0m 0.325 ms - 45[0m
[0mGET /CSS/Miniweb.css [33m404[0m 0.256 ms - 45[0m
[0mPOST /sdk [33m404[0m 60.323 ms - 45[0m
[0mGET /?=PHPE9568F36-D428-11d2-A769-00AA001ACF42 [33m404[0m 0.342 ms - 45[0m
[0mGET /Portal0000.htm [33m404[0m 0.234 ms - 45[0m
[0mGET /HNAP1 [33m404[0m 0.515 ms - 45[0m
[0mGET /.git/HEAD [33m404[0m 0.344 ms - 45[0m
[0mGET /?=PHPB8B5F2A0-3C92-11d3-A3A9-4C7B08C10000 [33m404[0m 0.347 ms - 45[0m
[0mHEAD / [33m404[0m 0.236 ms - 45[0m
[0mGET /Portal/Portal.mwsl [33m404[0m 0.341 ms - 45[0m
[0mGET /__Additional [33m404[0m 0.229 ms - 45[0m
[0mGET /docs/cplugError.html/ [33m404[0m 0.325 ms - 45[0m
[0mGET / [33m404[0m 0.308 ms - 45[0m
[0mGET /hbQA [33m404[0m 0.237 ms - 45[0m
[0mGET / [33m404[0m 0.320 ms - 45[0m
[0mGET /base.shtml [33m404[0m 0.239 ms - 45[0m
[0mGET /pools/default/buckets [33m404[0m 0.403 ms - 45[0m
[0mGET /start.pl [33m404[0m 0.325 ms - 45[0m
[0mGET /pools [33m404[0m 0.329 ms - 45[0m
[0mGET / [33m404[0m 0.232 ms - 45[0m
[0mGET /base.cgi [33m404[0m 0.332 ms - 45[0m
[0mGET /favicon.ico [33m404[0m 0.337 ms - 45[0m
[0mGET /localstart.php [33m404[0m 0.344 ms - 45[0m
[0mGET /menu.jhtml [33m404[0m 0.365 ms - 45[0m
[0mGET /indice.asp [33m404[0m 0.330 ms - 45[0m
[0mGET /menu.php [33m404[0m 0.329 ms - 45[0m
[0mGET /start.jhtml [33m404[0m 0.324 ms - 45[0m
[0mGET /menu.cfm [33m404[0m 0.318 ms - 45[0m
[0mGET /indice.cfm [33m404[0m 0.349 ms - 45[0m
[0mGET /admin.aspx [33m404[0m 0.322 ms - 45[0m
[0mGET /indice.jhtml [33m404[0m 0.348 ms - 45[0m
[0mGET /index.html [33m404[0m 0.348 ms - 45[0m
[0mGET /robots.txt [33m404[0m 0.343 ms - 45[0m
[0mGET /start.aspx [33m404[0m 0.335 ms - 45[0m
[0mGET /menu.aspx [33m404[0m 0.319 ms - 45[0m
[0mGET /menu.jsp [33m404[0m 0.326 ms - 45[0m
[0mGET /readme.txt [33m404[0m 0.346 ms - 45[0m
[0mGET /indice.php [33m404[0m 0.351 ms - 45[0m
[0mGET /localstart.aspx [33m404[0m 0.349 ms - 45[0m
[0mGET / [33m404[0m 0.334 ms - 45[0m
[0mGET / [33m404[0m 0.335 ms - 45[0m
[0mGET / [33m404[0m 0.329 ms - 45[0m
[0mGET / [33m404[0m 0.384 ms - 45[0m
[0mGET / [33m404[0m 0.435 ms - 45[0m
[0mGET / [33m404[0m 0.348 ms - 45[0m
[0mGET / [33m404[0m 1.774 ms - 45[0m
[0mGET / [33m404[0m 0.321 ms - 45[0m
[0mGET /favicon.ico [33m404[0m 0.327 ms - 45[0m
[0mGET / [33m404[0m 0.353 ms - 45[0m
[0mGET / [33m404[0m 0.340 ms - 45[0m
[0mGET /peoples [33m404[0m 0.318 ms - 45[0m
[0mGET /favicon.ico [33m404[0m 2.337 ms - 45[0m
[0mGET / [33m404[0m 0.318 ms - 45[0m
[0mGET / [33m404[0m 0.340 ms - 45[0m
[0mGET / [33m404[0m 0.332 ms - 45[0m
[0mGET /table [32m200[0m 1076.901 ms - 880[0m
[0mGET /table [32m200[0m 10.697 ms - 880[0m
[0mGET /table [36m304[0m 8.953 ms - -[0m
[0mGET /table [32m200[0m 3.870 ms - 880[0m
[0mGET /table [32m200[0m 2.470 ms - 881[0m
[0mGET /table [32m200[0m 2.647 ms - 881[0m
[0mGET /table [36m304[0m 1.992 ms - -[0m
[0mGET /table [36m304[0m 3.160 ms - -[0m
[0mGET /table [36m304[0m 2.384 ms - -[0m
[0mGET /table [36m304[0m 6.101 ms - -[0m
[0mGET /table [36m304[0m 2.811 ms - -[0m
[0mGET /table [36m304[0m 1.855 ms - -[0m
[0mGET /table [36m304[0m 1.837 ms - -[0m
[0mGET / [33m404[0m 95.260 ms - 45[0m
[0mGET / [33m404[0m 0.432 ms - 45[0m
[0mGET / [33m404[0m 0.334 ms - 45[0m
[0mGET / [33m404[0m 3.617 ms - 45[0m
[0mGET / [33m404[0m 0.457 ms - 45[0m
[0mGET / [33m404[0m 0.337 ms - 45[0m
[0mGET / [33m404[0m 0.327 ms - 45[0m
[0mGET / [33m404[0m 0.340 ms - 45[0m
[0mGET /table [36m304[0m 567.495 ms - -[0m
[0mGET / [33m404[0m 0.320 ms - 45[0m
[0mGET / [33m404[0m 0.323 ms - 45[0m
[0mGET / [33m404[0m 0.328 ms - 45[0m
[0mGET / [33m404[0m 0.343 ms - 45[0m
[0mGET / [33m404[0m 0.324 ms - 45[0m
[0mGET / [33m404[0m 113.117 ms - 45[0m
[0mGET / [33m404[0m 88.402 ms - 45[0m
[0mGET / [33m404[0m 141.055 ms - 45[0m
[0mGET / [33m404[0m 92.677 ms - 45[0m
[0mGET / [33m404[0m 1.655 ms - 45[0m
[0mGET / [33m404[0m 0.449 ms - 45[0m
[0mGET / [33m404[0m 122.196 ms - 45[0m
[0mGET /favicon.ico [33m404[0m 1.065 ms - 45[0m
[0mGET / [33m404[0m 0.356 ms - 45[0m
[0mGET / [33m404[0m 0.405 ms - 45[0m
[0mGET / [33m404[0m 1.309 ms - 45[0m
[0mGET / [33m404[0m 0.339 ms - 45[0m
[0mGET / [33m404[0m 5.021 ms - 45[0m
[0mGET / [33m404[0m 0.331 ms - 45[0m
[0mGET / [33m404[0m 0.369 ms - 45[0m
[0mGET / [33m404[0m 0.443 ms - 45[0m
[0mGET / [33m404[0m 0.335 ms - 45[0m
[0mPOST /sdk [33m404[0m 3.376 ms - 45[0m
[0mGET /idMB [33m404[0m 0.266 ms - 45[0m
[0mGET /Portal0000.htm [33m404[0m 0.226 ms - 45[0m
[0mGET / [33m404[0m 0.219 ms - 45[0m
[0mGET /.git/HEAD [33m404[0m 0.220 ms - 45[0m
[0mGET /__Additional [33m404[0m 0.333 ms - 45[0m
[0mGET / [33m404[0m 0.399 ms - 45[0m
[0mGET /nmaplowercheck1655302858 [33m404[0m 0.341 ms - 45[0m
[0mGET /pools/default/buckets [33m404[0m 0.340 ms - 45[0m
[0mHEAD / [33m404[0m 1.811 ms - 45[0m
[0mGET /Portal/Portal.mwsl [33m404[0m 0.262 ms - 45[0m
[0mGET /CSS/Miniweb.css [33m404[0m 0.332 ms - 45[0m
[0mGET /HNAP1 [33m404[0m 0.332 ms - 45[0m
[0mGET /pools [33m404[0m 0.328 ms - 45[0m
[0mGET /robots.txt [33m404[0m 0.337 ms - 45[0m
[0mGET / [33m404[0m 0.345 ms - 45[0m
[0mGET /?=PHPB8B5F2A0-3C92-11d3-A3A9-4C7B08C10000 [33m404[0m 0.346 ms - 45[0m
[0mGET /readme.txt [33m404[0m 0.328 ms - 45[0m
[0mGET /favicon.ico [33m404[0m 0.336 ms - 45[0m
[0mGET /indice.aspx [33m404[0m 0.354 ms - 45[0m
[0mGET /indice.shtml [33m404[0m 0.332 ms - 45[0m
[0mGET /docs/cplugError.html/ [33m404[0m 0.327 ms - 45[0m
[0mGET /start.jsa [33m404[0m 0.337 ms - 45[0m
[0mGET /inicio.php [33m404[0m 0.352 ms - 45[0m
[0mGET /inicio.jhtml [33m404[0m 0.344 ms - 45[0m
[0mGET /main.cfm [33m404[0m 0.339 ms - 45[0m
[0mGET /localstart.jhtml [33m404[0m 0.341 ms - 45[0m
[0mGET /admin.asp [33m404[0m 0.344 ms - 45[0m
[0mGET /admin.jsp [33m404[0m 12.113 ms - 45[0m
[0mGET / [33m404[0m 0.245 ms - 45[0m
[0mGET /home.asp [33m404[0m 0.342 ms - 45[0m
[0mGET /start.php [33m404[0m 0.352 ms - 45[0m
[0mGET / [33m404[0m 0.379 ms - 45[0m
[0mGET / [33m404[0m 0.334 ms - 45[0m
[0mGET / [33m404[0m 97.204 ms - 45[0m
[0mGET / [33m404[0m 92.879 ms - 45[0m
[0mGET / [33m404[0m 104.526 ms - 45[0m
[0mGET / [33m404[0m 0.324 ms - 45[0m
[0mGET / [33m404[0m 0.448 ms - 45[0m
[0mHEAD / [33m404[0m 7.934 ms - 45[0m
[0mGET /system_api.php [33m404[0m 0.431 ms - 45[0m
[0mGET /c/version.js [33m404[0m 0.321 ms - 45[0m
[0mGET /streaming/clients_live.php [33m404[0m 0.327 ms - 45[0m
[0mGET /stalker_portal/c/version.js [33m404[0m 0.321 ms - 45[0m
[0mGET /stream/live.php [33m404[0m 0.321 ms - 45[0m
[0mGET /flu/403.html [33m404[0m 0.316 ms - 45[0m
[0mGET / [33m404[0m 0.325 ms - 45[0m
[0mGET http://pv.sohu.com/cityjson [33m404[0m 0.382 ms - 45[0m
[0mHEAD http://110.242.68.4/ [33m404[0m 0.355 ms - 45[0m
[0mGET / [33m404[0m 0.338 ms - 45[0m
[0mGET / [33m404[0m 1.983 ms - 45[0m
[0mGET / [33m404[0m 0.440 ms - 45[0m
[0mGET / [33m404[0m 0.351 ms - 45[0m
[0mGET /favicon.ico [33m404[0m 0.339 ms - 45[0m
[0mGET /robots.txt [33m404[0m 0.343 ms - 45[0m
[0mGET /sitemap.xml [33m404[0m 0.329 ms - 45[0m
[0mGET / [33m404[0m 100.287 ms - 45[0m
[0mGET / [33m404[0m 0.489 ms - 45[0m
[0mGET / [33m404[0m 84.067 ms - 45[0m
[0mGET / [33m404[0m 1.055 ms - 45[0m
[0mGET / [33m404[0m 1.195 ms - 45[0m
[0mGET / [33m404[0m 0.398 ms - 45[0m
[0mGET / [33m404[0m 0.350 ms - 45[0m
[0mGET / [33m404[0m 0.436 ms - 45[0m
[0mGET / [33m404[0m 143.539 ms - 45[0m
[0mGET / [33m404[0m 0.453 ms - 45[0m
[0mGET / [33m404[0m 286.291 ms - 45[0m
[0mGET / [33m404[0m 1.620 ms - 45[0m
[0mGET / [33m404[0m 1.015 ms - 45[0m
[0mGET / [33m404[0m 0.350 ms - 45[0m
[0mGET / [33m404[0m 1.450 ms - 45[0m
[0mGET / [33m404[0m 76.014 ms - 45[0m
[0mGET / [33m404[0m 0.362 ms - 45[0m
[0mGET / [33m404[0m 0.958 ms - 45[0m
[0mGET / [33m404[0m 5.193 ms - 45[0m
[0mGET / [33m404[0m 3.602 ms - 45[0m
[0mGET / [33m404[0m 101.288 ms - 45[0m
[0mGET / [33m404[0m 173.706 ms - 45[0m
[0mGET / [33m404[0m 7.469 ms - 45[0m
[0mGET / [33m404[0m 0.407 ms - 45[0m
[0mGET / [33m404[0m 0.359 ms - 45[0m
[0mGET http://dianying.taobao.com/cityAction.json?city=&_ksTS=5742957945276_83&jsoncallback=jsonp20&action=cityAction&n_s=new&event_submit_doLocate=true [33m404[0m 0.422 ms - 45[0m
[0mGET / [33m404[0m 1.477 ms - 45[0m
[0mGET / [33m404[0m 0.333 ms - 45[0m
[0mGET / [33m404[0m 0.367 ms - 45[0m
[0mGET / [33m404[0m 0.315 ms - 45[0m
[0mGET /table [32m200[0m 610.488 ms - 881[0m
[0mGET / [33m404[0m 0.444 ms - 45[0m
[0mGET /favicon.ico [33m404[0m 0.398 ms - 45[0m
[0mGET / [33m404[0m 4.743 ms - 45[0m
[0mGET / [33m404[0m 0.366 ms - 45[0m
[0mGET /table [32m200[0m 599.126 ms - 881[0m
[0mGET /table [32m200[0m 9.363 ms - 881[0m
[0mGET /table [36m304[0m 9.065 ms - -[0m
[0mGET /table [36m304[0m 1.692 ms - -[0m
[0mGET /table [32m200[0m 4.944 ms - 881[0m
[0mGET /table [36m304[0m 7.550 ms - -[0m
[0mGET /table [36m304[0m 1.832 ms - -[0m
[0mGET /table [36m304[0m 6.684 ms - -[0m
[0mGET /table [36m304[0m 1.718 ms - -[0m
[0mGET /table [36m304[0m 4.388 ms - -[0m
[0mGET /table [36m304[0m 5.626 ms - -[0m
[0mGET /table [36m304[0m 4.987 ms - -[0m
[0mGET /table [36m304[0m 3.483 ms - -[0m
[0mGET /table [36m304[0m 1.650 ms - -[0m
[0mGET /table [36m304[0m 14.657 ms - -[0m
[0mGET /table [36m304[0m 1.632 ms - -[0m
[0mGET /table [36m304[0m 4.112 ms - -[0m
[0mGET /table [36m304[0m 1.687 ms - -[0m
[0mGET /table [36m304[0m 1.620 ms - -[0m
[0mGET /table [36m304[0m 1.712 ms - -[0m
[0mGET /table [36m304[0m 1.630 ms - -[0m
[0mGET /table [36m304[0m 2.431 ms - -[0m
[0mGET /table [36m304[0m 4.028 ms - -[0m
[0mGET /table [36m304[0m 1.692 ms - -[0m
[0mGET /table [36m304[0m 9.822 ms - -[0m
[0mGET /table [36m304[0m 1.587 ms - -[0m
[0mGET /table [36m304[0m 1.579 ms - -[0m
[0mGET /table [36m304[0m 2.320 ms - -[0m
[0mGET /table [36m304[0m 1.718 ms - -[0m
[0mGET /table [36m304[0m 2.650 ms - -[0m
[0mGET /table [36m304[0m 2.736 ms - -[0m
[0mGET /table [36m304[0m 2.726 ms - -[0m
[0mGET /table [36m304[0m 1.661 ms - -[0m
[0mGET /table [36m304[0m 1.595 ms - -[0m
[0mGET /table [36m304[0m 1.625 ms - -[0m
[0mGET /table [36m304[0m 1.651 ms - -[0m
[0mGET /table [36m304[0m 20.367 ms - -[0m
[0mGET /table [36m304[0m 1.614 ms - -[0m
[0mGET /table [36m304[0m 1.619 ms - -[0m
[0mGET /table [36m304[0m 1.854 ms - -[0m
[0mGET /table [36m304[0m 1.612 ms - -[0m
[0mGET /table [36m304[0m 2.043 ms - -[0m
[0mGET /table [36m304[0m 1.621 ms - -[0m
[0mGET /table [36m304[0m 1.581 ms - -[0m
[0mGET /table [36m304[0m 1.631 ms - -[0m
[0mGET /table [36m304[0m 1.552 ms - -[0m
[0mGET /table [36m304[0m 4.742 ms - -[0m
[0mGET /table [36m304[0m 1.555 ms - -[0m
[0mGET /table [36m304[0m 1.555 ms - -[0m
[0mGET /table [36m304[0m 19.317 ms - -[0m
[0mGET /table [36m304[0m 2.755 ms - -[0m
[0mGET /table [36m304[0m 1.525 ms - -[0m
[0mGET /table [36m304[0m 1.559 ms - -[0m
[0mGET /table [36m304[0m 1.566 ms - -[0m
[0mGET /table [36m304[0m 1.557 ms - -[0m
[0mGET /table [36m304[0m 1.593 ms - -[0m
[0mGET /table [36m304[0m 1.601 ms - -[0m
[0mGET /table [36m304[0m 1.633 ms - -[0m
[0mGET /table [36m304[0m 1.557 ms - -[0m
[0mGET /table [36m304[0m 1.658 ms - -[0m
[0mGET /table [36m304[0m 1.568 ms - -[0m
[0mGET /table [36m304[0m 4.851 ms - -[0m
[0mGET /table [36m304[0m 1.525 ms - -[0m
[0mGET /table [36m304[0m 1.546 ms - -[0m
[0mGET /table [36m304[0m 1.458 ms - -[0m
[0mGET /table [36m304[0m 1.528 ms - -[0m
[0mGET /table [36m304[0m 1.535 ms - -[0m
[0mGET /table [36m304[0m 1.587 ms - -[0m
[0mGET /table [36m304[0m 1.715 ms - -[0m
[0mGET /table [36m304[0m 1.597 ms - -[0m
[0mGET /table [36m304[0m 1.569 ms - -[0m
[0mGET /table [36m304[0m 1.530 ms - -[0m
[0mGET /table [36m304[0m 2.306 ms - -[0m
[0mGET /table [36m304[0m 1.509 ms - -[0m
[0mGET /table [36m304[0m 1.555 ms - -[0m
[0mGET /table [36m304[0m 1.570 ms - -[0m
[0mGET /table [36m304[0m 1.543 ms - -[0m
[0mGET /table [36m304[0m 1.565 ms - -[0m
[0mGET /table [36m304[0m 1.782 ms - -[0m
[0mGET /table [36m304[0m 1.638 ms - -[0m
[0mGET /table [36m304[0m 3.086 ms - -[0m
[0mGET /table [36m304[0m 1.604 ms - -[0m
[0mGET /table [36m304[0m 1.570 ms - -[0m
[0mGET /table [36m304[0m 1.542 ms - -[0m
[0mGET /table [36m304[0m 2.290 ms - -[0m
[0mGET /table [36m304[0m 1.540 ms - -[0m
[0mGET /table [36m304[0m 1.614 ms - -[0m
[0mGET /table [36m304[0m 5.094 ms - -[0m
[0mGET /table [36m304[0m 1.524 ms - -[0m
[0mGET /table [36m304[0m 1.603 ms - -[0m
[0mGET /table [36m304[0m 1.519 ms - -[0m
[0mGET /table [36m304[0m 1.604 ms - -[0m
[0mGET /table [36m304[0m 1.592 ms - -[0m
[0mGET /table [36m304[0m 1.533 ms - -[0m
[0mGET /table [36m304[0m 1.518 ms - -[0m
[0mGET /table [36m304[0m 1.591 ms - -[0m
[0mGET /table [36m304[0m 2.994 ms - -[0m
[0mGET /table [36m304[0m 1.562 ms - -[0m
[0mGET /table [36m304[0m 1.583 ms - -[0m
[0mGET /table [36m304[0m 1.529 ms - -[0m
[0mGET /table [36m304[0m 1.883 ms - -[0m
[0mGET /table [36m304[0m 1.541 ms - -[0m
[0mGET /table [36m304[0m 1.530 ms - -[0m
[0mGET /table [36m304[0m 1.530 ms - -[0m
[0mGET /table [36m304[0m 1.552 ms - -[0m
[0mGET /table [36m304[0m 1.483 ms - -[0m
[0mGET /table [36m304[0m 1.533 ms - -[0m
[0mGET /table [36m304[0m 1.650 ms - -[0m
[0mGET /table [36m304[0m 1.562 ms - -[0m
[0mGET /table [36m304[0m 2.295 ms - -[0m
[0mGET /table [36m304[0m 1.549 ms - -[0m
[0mGET /table [36m304[0m 1.465 ms - -[0m
[0mGET /table [36m304[0m 1.532 ms - -[0m
[0mGET /table [36m304[0m 1.476 ms - -[0m
[0mGET /table [36m304[0m 1.549 ms - -[0m
[0mGET /table [36m304[0m 1.536 ms - -[0m
[0mGET /table [36m304[0m 1.491 ms - -[0m
[0mGET /table [36m304[0m 1.539 ms - -[0m
[0mGET /table [36m304[0m 1.498 ms - -[0m
[0mGET /table [36m304[0m 1.533 ms - -[0m
[0mGET /table [36m304[0m 1.538 ms - -[0m
[0mGET /table [36m304[0m 1.579 ms - -[0m
[0mGET /table [36m304[0m 1.586 ms - -[0m
[0mGET /table [36m304[0m 1.581 ms - -[0m
[0mGET /table [36m304[0m 1.520 ms - -[0m
[0mGET /table [36m304[0m 1.523 ms - -[0m
[0mGET /table [36m304[0m 1.518 ms - -[0m
[0mGET /table [36m304[0m 1.515 ms - -[0m
[0mGET /table [36m304[0m 1.496 ms - -[0m
[0mGET /table [36m304[0m 1.600 ms - -[0m
[0mGET /table [36m304[0m 1.552 ms - -[0m
[0mGET /table [36m304[0m 1.467 ms - -[0m
[0mGET /table [36m304[0m 1.597 ms - -[0m
[0mGET /table [36m304[0m 1.563 ms - -[0m
[0mGET /table [36m304[0m 2.177 ms - -[0m
[0mGET /table [36m304[0m 1.535 ms - -[0m
[0mGET /table [36m304[0m 1.491 ms - -[0m
[0mGET /table [36m304[0m 1.532 ms - -[0m
[0mGET /table [36m304[0m 1.589 ms - -[0m
[0mGET /table [36m304[0m 1.552 ms - -[0m
[0mGET /table [36m304[0m 1.520 ms - -[0m
[0mGET /table [36m304[0m 1.516 ms - -[0m
[0mGET /table [36m304[0m 1.545 ms - -[0m
[0mGET /table [36m304[0m 1.477 ms - -[0m
[0mGET /table [36m304[0m 2.737 ms - -[0m
[0mGET /table [36m304[0m 1.548 ms - -[0m
[0mGET /table [36m304[0m 1.547 ms - -[0m
[0mGET /table [36m304[0m 3.597 ms - -[0m
[0mGET /table [36m304[0m 1.503 ms - -[0m
[0mGET /table [36m304[0m 1.518 ms - -[0m
[0mGET /table [36m304[0m 1.566 ms - -[0m
[0mGET /table [36m304[0m 2.626 ms - -[0m
[0mGET /table [36m304[0m 1.561 ms - -[0m
[0mGET /table [36m304[0m 1.524 ms - -[0m
[0mGET /table [36m304[0m 1.542 ms - -[0m
[0mGET /table [36m304[0m 1.567 ms - -[0m
[0mGET /table [36m304[0m 1.514 ms - -[0m
[0mGET /table [32m200[0m 365.524 ms - 881[0m
[0mGET /table [36m304[0m 10.064 ms - -[0m
[0mGET /table [36m304[0m 103.573 ms - -[0m
[0mGET /table [36m304[0m 7.652 ms - -[0m
[0mGET /table [32m200[0m 5.053 ms - 881[0m
[0mGET /table [36m304[0m 13.498 ms - -[0m
[0mGET /table [36m304[0m 91.714 ms - -[0m
[0mGET /table [32m200[0m 7.028 ms - 881[0m
[0mGET /table [36m304[0m 2.864 ms - -[0m
[0mGET / [33m404[0m 3.279 ms - 45[0m
[0mGET / [33m404[0m 0.385 ms - 45[0m
[0mGET / [33m404[0m 134.234 ms - 45[0m
[0mGET /table [36m304[0m 406.134 ms - -[0m
[0mGET /table [32m200[0m 10.431 ms - 881[0m
[0mGET /table [36m304[0m 109.876 ms - -[0m
[0mGET /table [36m304[0m 1.524 ms - -[0m
[0mGET /table [36m304[0m 1.603 ms - -[0m
[0mGET /table [36m304[0m 94.008 ms - -[0m
[0mGET /table [36m304[0m 1.507 ms - -[0m
[0mGET /table [36m304[0m 1.508 ms - -[0m
[0mGET /table [36m304[0m 1.664 ms - -[0m
[0mGET /table [36m304[0m 1.579 ms - -[0m
[0mGET / [33m404[0m 1.114 ms - 45[0m
[0mGET / [33m404[0m 0.395 ms - 45[0m
[0mGET / [33m404[0m 0.370 ms - 45[0m
[0mHEAD / [33m404[0m 0.352 ms - 45[0m
[0mGET /system_api.php [33m404[0m 0.362 ms - 45[0m
[0mGET /c/version.js [33m404[0m 0.386 ms - 45[0m
[0mGET /streaming/clients_live.php [33m404[0m 0.448 ms - 45[0m
[0mGET /stalker_portal/c/version.js [33m404[0m 0.388 ms - 45[0m
[0mGET /stream/live.php [33m404[0m 0.375 ms - 45[0m
[0mGET /flu/403.html [33m404[0m 0.409 ms - 45[0m
[0mGET / [33m404[0m 0.378 ms - 45[0m
[0mGET /table [36m304[0m 426.278 ms - -[0m
[0mGET /table [36m304[0m 10.042 ms - -[0m
[0mGET /table [36m304[0m 1.542 ms - -[0m
[0mGET /table [36m304[0m 4.470 ms - -[0m
[0mGET /table [36m304[0m 1.540 ms - -[0m
[0mGET /table [36m304[0m 100.577 ms - -[0m
[0mGET /table [36m304[0m 6.840 ms - -[0m
[0mGET /table [36m304[0m 7.755 ms - -[0m
[0mGET /table [36m304[0m 249.149 ms - -[0m
[0mGET /table [36m304[0m 25.196 ms - -[0m
[0mGET /table [32m200[0m 4.189 ms - 881[0m
[0mGET /table [36m304[0m 12.656 ms - -[0m
[0mGET /table [36m304[0m 2.016 ms - -[0m
[0mGET /table [36m304[0m 2.775 ms - -[0m
[0mGET /table [36m304[0m 2.049 ms - -[0m
[0mGET /table [36m304[0m 4.406 ms - -[0m
[0mGET /table [36m304[0m 1.603 ms - -[0m
[0mGET /table [36m304[0m 3.337 ms - -[0m
[0mGET /table [36m304[0m 1.839 ms - -[0m
[0mGET /table [36m304[0m 1.557 ms - -[0m
[0mGET /table [36m304[0m 1.479 ms - -[0m
[0mGET /table [36m304[0m 3.395 ms - -[0m
[0mGET /table [36m304[0m 1.516 ms - -[0m
[0mGET /table [36m304[0m 2.735 ms - -[0m
[0mGET /table [36m304[0m 1.478 ms - -[0m
[0mGET /table [36m304[0m 2.822 ms - -[0m
[0mGET /table [36m304[0m 1.499 ms - -[0m
[0mGET /table [36m304[0m 1.539 ms - -[0m
[0mGET /table [36m304[0m 1.594 ms - -[0m
[0mGET /table [36m304[0m 1.535 ms - -[0m
[0mGET /table [36m304[0m 1.893 ms - -[0m
[0mGET /table [36m304[0m 2.915 ms - -[0m
[0mGET /table [36m304[0m 2.114 ms - -[0m
[0mGET /table [36m304[0m 1.662 ms - -[0m
[0mGET /table [36m304[0m 3.220 ms - -[0m
[0mGET /table [36m304[0m 2.752 ms - -[0m
[0mGET /table [36m304[0m 9.329 ms - -[0m
[0mGET /table [36m304[0m 6.062 ms - -[0m
[0mGET /table [36m304[0m 5.737 ms - -[0m
[0mGET /table [36m304[0m 8.766 ms - -[0m
[0mGET / [33m404[0m 128.640 ms - 45[0m
[0mGET / [33m404[0m 2.023 ms - 45[0m
[0mGET /table [36m304[0m 531.603 ms - -[0m
[0mGET / [33m404[0m 121.492 ms - 45[0m
[0mGET /table [36m304[0m 548.813 ms - -[0m
[0mGET /table [36m304[0m 9.220 ms - -[0m
[0mGET /table [0m-[0m - ms - -[0m
[0mGET /table [32m200[0m 4.640 ms - 881[0m
[0mGET /table [36m304[0m 5.596 ms - -[0m
[0mGET /table [36m304[0m 4.521 ms - -[0m
[0mGET /table [36m304[0m 1.538 ms - -[0m
[0mGET /table [36m304[0m 2.414 ms - -[0m
[0mGET /table [36m304[0m 65.474 ms - -[0m
[0mGET /table [36m304[0m 1.508 ms - -[0m
[0mGET / [33m404[0m 0.462 ms - 45[0m
[0mGET /table [36m304[0m 1.998 ms - -[0m
[0mGET /table [32m200[0m 1.509 ms - 881[0m
[0mGET /table [32m200[0m 2.849 ms - 881[0m
[0mGET / [33m404[0m 0.408 ms - 45[0m
[0mGET /table [32m200[0m 37.659 ms - 881[0m
[0mGET /table [32m200[0m 1.526 ms - 881[0m
[0mGET /table [36m304[0m 1.529 ms - -[0m
[0mGET /table [36m304[0m 1.523 ms - -[0m
[0mGET /table [32m200[0m 1.479 ms - 881[0m
[0mGET /table [32m200[0m 1.540 ms - 881[0m
[0mGET /table [36m304[0m 2.098 ms - -[0m
[0mGET /table [32m200[0m 1.520 ms - 881[0m
[0mGET /table [32m200[0m 1.498 ms - 881[0m
[0mGET /table [32m200[0m 3.346 ms - 881[0m
[0mGET /table [32m200[0m 1.597 ms - 881[0m
[0mGET /table [36m304[0m 1.508 ms - -[0m
[0mGET /table [36m304[0m 3.212 ms - -[0m
[0mGET /table [32m200[0m 1.488 ms - 881[0m
[0mGET /table [36m304[0m 1.504 ms - -[0m
[0mGET /table [36m304[0m 1.503 ms - -[0m
[0mGET /table [32m200[0m 1.470 ms - 881[0m
[0mGET /table [36m304[0m 1.436 ms - -[0m
[0mGET /table [36m304[0m 1.489 ms - -[0m
[0mGET /table [36m304[0m 1.532 ms - -[0m
[0mGET /table [36m304[0m 1.521 ms - -[0m
[0mGET /table [36m304[0m 1.517 ms - -[0m
[0mGET /table [36m304[0m 1.655 ms - -[0m
[0mGET /table [36m304[0m 1.628 ms - -[0m
[0mGET /table [36m304[0m 1.648 ms - -[0m
[0mGET /table [36m304[0m 114.393 ms - -[0m
[0mGET /table [36m304[0m 6.768 ms - -[0m
[0mGET /table [36m304[0m 2.704 ms - -[0m
[0mGET /table [36m304[0m 1.544 ms - -[0m
[0mGET /table [36m304[0m 1.501 ms - -[0m
[0mGET /table [36m304[0m 1.516 ms - -[0m
[0mGET /table [36m304[0m 2.682 ms - -[0m
[0mGET /table [36m304[0m 1.495 ms - -[0m
[0mGET /table [36m304[0m 2.567 ms - -[0m
[0mGET /table [36m304[0m 1.452 ms - -[0m
[0mGET /table [36m304[0m 2.111 ms - -[0m
[0mGET /table [36m304[0m 1.461 ms - -[0m
[0mGET /table [36m304[0m 13.822 ms - -[0m
[0mGET /table [36m304[0m 1.517 ms - -[0m
[0mGET /table [36m304[0m 1.504 ms - -[0m
[0mGET /table [32m200[0m 2.689 ms - 881[0m
[0mGET /table [36m304[0m 1.485 ms - -[0m
[0mGET /table [32m200[0m 1.466 ms - 881[0m
[0mGET /table [36m304[0m 2.762 ms - -[0m
[0mGET /table [32m200[0m 1.404 ms - 881[0m
[0mGET /table [32m200[0m 1.509 ms - 881[0m
[0mGET /table [36m304[0m 1.492 ms - -[0m
[0mGET /table [36m304[0m 3.692 ms - -[0m
[0mGET /table [36m304[0m 1.483 ms - -[0m
[0mGET /table [36m304[0m 1.464 ms - -[0m
[0mGET /table [32m200[0m 1.480 ms - 881[0m
[0mGET /table [32m200[0m 1.460 ms - 881[0m
[0mGET /table [36m304[0m 1.480 ms - -[0m
[0mGET /table [36m304[0m 1.409 ms - -[0m
[0mGET / [33m404[0m 50.826 ms - 45[0m
[0mGET /table [36m304[0m 300.200 ms - -[0m
[0mGET /table [36m304[0m 6.810 ms - -[0m
[0mGET /table [36m304[0m 2.126 ms - -[0m
[0mGET /table [32m200[0m 4.702 ms - 881[0m
[0mGET /table [36m304[0m 2.321 ms - -[0m
[0mGET /table [32m200[0m 2.602 ms - 881[0m
[0mGET /table [36m304[0m 2.289 ms - -[0m
[0mGET /table [32m200[0m 3.795 ms - 881[0m
[0mGET /table [32m200[0m 2.146 ms - 881[0m
[0mGET /table [32m200[0m 58.371 ms - 881[0m
[0mGET /table [36m304[0m 1.456 ms - -[0m
[0mGET /table [32m200[0m 1.504 ms - 881[0m
[0mGET /table [32m200[0m 1.461 ms - 881[0m
[0mGET /table [36m304[0m 1.531 ms - -[0m
[0mGET /table [36m304[0m 7.881 ms - -[0m
[0mGET /table [36m304[0m 2.256 ms - -[0m
[0mGET /table [36m304[0m 1.686 ms - -[0m
[0mGET / [33m404[0m 0.432 ms - 45[0m
[0mGET / [33m404[0m 0.433 ms - 45[0m
[0mGET / [33m404[0m 1.564 ms - 45[0m
[0mGET / [33m404[0m 0.316 ms - 45[0m
[0mGET /table [36m304[0m 617.909 ms - -[0m
[0mGET /table [36m304[0m 779.150 ms - -[0m
[0mGET /table [36m304[0m 19.330 ms - -[0m
[0mGET /table [36m304[0m 5.585 ms - -[0m
[0mGET /table [36m304[0m 111.278 ms - -[0m
[0mGET /table [36m304[0m 4.325 ms - -[0m
[0mGET /table [36m304[0m 6.169 ms - -[0m
[0mGET /table [36m304[0m 9.473 ms - -[0m
[0mGET /table [36m304[0m 2.030 ms - -[0m
[0mGET /table [36m304[0m 3.848 ms - -[0m
[0mGET /table [36m304[0m 3.724 ms - -[0m
[0mGET /table [36m304[0m 129.934 ms - -[0m
[0mGET /table [36m304[0m 1.819 ms - -[0m
[0mGET /table [32m200[0m 4.590 ms - 881[0m
[0mGET /table [32m200[0m 1.716 ms - 881[0m
[0mGET /table [32m200[0m 1.487 ms - 881[0m
[0mGET /table [36m304[0m 4.852 ms - -[0m
[0mGET /table [32m200[0m 3.109 ms - 881[0m
[0mGET /table [32m200[0m 1.685 ms - 881[0m
[0mGET /table [32m200[0m 2.215 ms - 881[0m
[0mGET /table [36m304[0m 1.633 ms - -[0m
[0mGET /table [32m200[0m 1.524 ms - 881[0m
[0mGET /table [36m304[0m 1.449 ms - -[0m
[0mGET /table [36m304[0m 41.298 ms - -[0m
[0mGET /table [32m200[0m 1.667 ms - 881[0m
[0mGET /table [32m200[0m 1.823 ms - 881[0m
[0mGET /table [32m200[0m 1.460 ms - 881[0m
[0mGET /table [36m304[0m 2.047 ms - -[0m
[0mGET /table [32m200[0m 1.700 ms - 881[0m
[0mGET /table [32m200[0m 1.544 ms - 881[0m
[0mGET /table [32m200[0m 1.920 ms - 881[0m
[0mGET /table [32m200[0m 2.657 ms - 881[0m
[0mGET /table [32m200[0m 1.578 ms - 881[0m
[0mGET /table [32m200[0m 2.076 ms - 881[0m
[0mGET /table [32m200[0m 1.960 ms - 881[0m
[0mGET /table [32m200[0m 2.231 ms - 881[0m
[0mGET /table [32m200[0m 1.948 ms - 881[0m
[0mGET /table [32m200[0m 2.486 ms - 881[0m
[0mGET /table [32m200[0m 2.556 ms - 881[0m
[0mGET /table [32m200[0m 1.635 ms - 881[0m
[0mGET /table [32m200[0m 1.706 ms - 881[0m
[0mGET /table [32m200[0m 1.908 ms - 881[0m
[0mGET /table [32m200[0m 2.759 ms - 881[0m
[0mGET /table [32m200[0m 1.533 ms - 881[0m
[0mGET /table [36m304[0m 2.450 ms - -[0m
[0mGET /table [32m200[0m 2.019 ms - 881[0m
[0mGET /table [32m200[0m 1.520 ms - 881[0m
[0mGET /table [32m200[0m 4.521 ms - 881[0m
[0mGET /table [36m304[0m 2.765 ms - -[0m
[0mGET /table [32m200[0m 5.776 ms - 881[0m
[0mGET /table [32m200[0m 5.239 ms - 881[0m
[0mGET /table [32m200[0m 6.352 ms - 881[0m
[0mGET /table [32m200[0m 3.295 ms - 881[0m
[0mGET /table [32m200[0m 2.832 ms - 881[0m
[0mGET /table [36m304[0m 4.035 ms - -[0m
[0mGET /table [32m200[0m 4.574 ms - 881[0m
[0mGET /table [32m200[0m 1.967 ms - 881[0m
[0mGET /table [36m304[0m 1.658 ms - -[0m
[0mGET /table [32m200[0m 11.958 ms - 881[0m
[0mGET /table [32m200[0m 4.883 ms - 881[0m
[0mGET /table [32m200[0m 2.145 ms - 881[0m
[0mGET /table [32m200[0m 1.457 ms - 881[0m
[0mGET /table [36m304[0m 4.929 ms - -[0m
[0mGET /table [32m200[0m 2.564 ms - 881[0m
[0mGET /table [32m200[0m 1.448 ms - 881[0m
[0mGET /table [32m200[0m 2.394 ms - 881[0m
[0mGET /table [32m200[0m 1.946 ms - 881[0m
[0mGET /table [36m304[0m 3.490 ms - -[0m
[0mGET /table [32m200[0m 2.487 ms - 881[0m
[0mGET /table [32m200[0m 1.767 ms - 881[0m
[0mGET /table [32m200[0m 2.112 ms - 881[0m
[0mGET /table [32m200[0m 2.579 ms - 881[0m
[0mGET /table [32m200[0m 1.434 ms - 881[0m
[0mGET /table [32m200[0m 2.824 ms - 881[0m
[0mGET /table [32m200[0m 1.449 ms - 881[0m
[0mGET /table [32m200[0m 4.455 ms - 881[0m
[0mGET /table [32m200[0m 1.422 ms - 881[0m
[0mGET /table [32m200[0m 2.060 ms - 881[0m
[0mGET /table [32m200[0m 1.786 ms - 881[0m
[0mGET /table [32m200[0m 5.861 ms - 881[0m
[0mGET /table [36m304[0m 2.087 ms - -[0m
[0mGET /table [32m200[0m 17.048 ms - 881[0m
[0mGET /table [32m200[0m 3.220 ms - 881[0m
[0mGET /table [32m200[0m 5.755 ms - 881[0m
[0mGET /table [32m200[0m 1.952 ms - 881[0m
[0mGET /table [32m200[0m 1.409 ms - 881[0m
[0mGET /table [32m200[0m 3.666 ms - 881[0m
[0mGET /table [32m200[0m 5.332 ms - 881[0m
[0mGET /table [32m200[0m 3.530 ms - 881[0m
[0mGET /table [32m200[0m 1.455 ms - 881[0m
[0mGET /table [32m200[0m 1.725 ms - 881[0m
[0mGET /table [32m200[0m 3.681 ms - 881[0m
[0mGET /table [32m200[0m 1.519 ms - 881[0m
[0mGET /table [32m200[0m 3.010 ms - 881[0m
[0mGET /table [32m200[0m 2.675 ms - 881[0m
[0mGET /table [32m200[0m 3.087 ms - 881[0m
[0mGET /table [32m200[0m 1.760 ms - 881[0m
[0mGET /table [32m200[0m 2.289 ms - 881[0m
[0mGET /table [32m200[0m 2.229 ms - 881[0m
[0mGET /table [32m200[0m 2.725 ms - 881[0m
[0mGET /table [32m200[0m 1.435 ms - 881[0m
[0mGET /table [32m200[0m 1.496 ms - 881[0m
[0mGET /table [32m200[0m 1.402 ms - 881[0m
[0mGET /table [32m200[0m 1.519 ms - 881[0m
[0mGET /table [32m200[0m 11.105 ms - 881[0m
[0mGET /table [32m200[0m 1.813 ms - 881[0m
[0mGET /table [32m200[0m 2.962 ms - 881[0m
[0mGET /table [32m200[0m 4.962 ms - 881[0m
[0mGET /table [32m200[0m 1.790 ms - 881[0m
[0mGET /table [32m200[0m 1.914 ms - 881[0m
[0mGET /table [32m200[0m 1.626 ms - 881[0m
[0mGET /table [32m200[0m 3.807 ms - 881[0m
[0mGET /table [32m200[0m 1.521 ms - 881[0m
[0mGET /table [32m200[0m 1.444 ms - 881[0m
[0mGET /table [32m200[0m 1.413 ms - 881[0m
[0mGET /table [32m200[0m 1.481 ms - 881[0m
[0mGET /table [32m200[0m 5.750 ms - 881[0m
[0mGET /table [32m200[0m 12.849 ms - 881[0m
[0mGET /table [32m200[0m 1.499 ms - 881[0m
[0mGET /table [32m200[0m 3.640 ms - 881[0m
[0mGET /table [32m200[0m 2.150 ms - 881[0m
[0mGET /table [32m200[0m 1.473 ms - 881[0m
[0mGET /table [32m200[0m 1.403 ms - 881[0m
[0mGET /table [32m200[0m 11.846 ms - 881[0m
[0mGET /table [32m200[0m 2.128 ms - 881[0m
[0mGET /table [32m200[0m 1.446 ms - 881[0m
[0mGET /table [32m200[0m 1.462 ms - 881[0m
[0mGET /table [32m200[0m 2.693 ms - 881[0m
[0mGET /table [32m200[0m 2.768 ms - 881[0m
[0mGET /table [32m200[0m 2.453 ms - 881[0m
[0mGET /table [32m200[0m 2.041 ms - 881[0m
[0mGET /table [32m200[0m 18.502 ms - 881[0m
[0mGET /table [32m200[0m 1.419 ms - 881[0m
[0mGET /table [32m200[0m 1.436 ms - 881[0m
[0mGET /table [32m200[0m 1.563 ms - 881[0m
[0mGET /table [32m200[0m 3.903 ms - 881[0m
[0mGET /table [32m200[0m 1.439 ms - 881[0m
[0mGET /table [32m200[0m 2.011 ms - 881[0m
[0mGET /table [32m200[0m 1.595 ms - 881[0m
[0mGET /table [32m200[0m 4.490 ms - 881[0m
[0mGET /table [32m200[0m 1.569 ms - 881[0m
[0mGET /table [32m200[0m 1.419 ms - 881[0m
[0mGET /table [32m200[0m 1.449 ms - 881[0m
[0mGET /table [36m304[0m 1.506 ms - -[0m
[0mGET /table [36m304[0m 2.795 ms - -[0m
[0mGET /table [32m200[0m 392.537 ms - 881[0m
[0mGET /table [32m200[0m 12.959 ms - 881[0m
[0mGET /table [32m200[0m 6.241 ms - 881[0m
[0mGET /table [32m200[0m 4.428 ms - 881[0m
[0mGET /table [32m200[0m 3.966 ms - 881[0m
[0mGET /table [32m200[0m 4.208 ms - 881[0m
[0mGET /table [32m200[0m 1.436 ms - 881[0m
[0mGET /table [32m200[0m 1.471 ms - 881[0m
[0mGET /table [32m200[0m 1.547 ms - 881[0m
[0mGET /table [32m200[0m 5.937 ms - 881[0m
[0mGET /table [32m200[0m 2.731 ms - 881[0m
[0mGET /table [32m200[0m 1.439 ms - 881[0m
[0mGET /table [32m200[0m 1.560 ms - 881[0m
[0mGET /table [32m200[0m 3.255 ms - 881[0m
[0mGET /table [32m200[0m 1.633 ms - 881[0m
[0mGET /table [36m304[0m 2.231 ms - -[0m
[0mGET /table [32m200[0m 3.940 ms - 881[0m
[0mGET /table [32m200[0m 2.679 ms - 881[0m
[0mGET /table [36m304[0m 1.849 ms - -[0m
[0mGET /table [36m304[0m 1.505 ms - -[0m
[0mGET /table [36m304[0m 3.004 ms - -[0m
[0mGET /table [36m304[0m 1.437 ms - -[0m
[0mGET /table [36m304[0m 2.607 ms - -[0m
[0mGET /table [36m304[0m 1.448 ms - -[0m
[0mGET /table [36m304[0m 1.465 ms - -[0m
[0mGET /table [32m200[0m 3.443 ms - 881[0m
[0mGET /table [32m200[0m 2.100 ms - 881[0m
[0mGET /table [36m304[0m 1.493 ms - -[0m
[0mGET / [33m404[0m 138.519 ms - 45[0m
[0mGET /favicon.ico [33m404[0m 3.713 ms - 45[0m
[0mGET / [33m404[0m 1.599 ms - 45[0m
[0mGET /table [36m304[0m 424.325 ms - -[0m
[0mGET /table [36m304[0m 806.625 ms - -[0m
[0mGET /table [36m304[0m 536.958 ms - -[0m
[0mGET / [33m404[0m 12.925 ms - 45[0m
[0mGET / [33m404[0m 0.401 ms - 45[0m
[0mGET http://opendata.baidu.com/api.php?query=35.168.170.32&co=&resource_id=14000&oe=utf8 [33m404[0m 1.065 ms - 45[0m
[0mHEAD http://110.242.68.4/ [33m404[0m 0.381 ms - 45[0m
[0mGET / [33m404[0m 1.148 ms - 45[0m
[0mGET / [33m404[0m 0.381 ms - 45[0m
[0mGET /table [36m304[0m 598.702 ms - -[0m
[0mGET /table [36m304[0m 621.785 ms - -[0m
[0mGET /table [36m304[0m 547.190 ms - -[0m
[0mGET /table [36m304[0m 251.775 ms - -[0m
[0mGET /table [32m200[0m 9.464 ms - 881[0m
[0mGET /table [36m304[0m 5.142 ms - -[0m
[0mGET /table [32m200[0m 2.821 ms - 881[0m
[0mGET /table [32m200[0m 13.651 ms - 881[0m
[0mGET /table [36m304[0m 446.323 ms - -[0m
[0mGET /table [36m304[0m 14.826 ms - -[0m
[0mGET /table [36m304[0m 6.508 ms - -[0m
[0mGET /table [36m304[0m 4.494 ms - -[0m
[0mGET /table [36m304[0m 1.490 ms - -[0m
[0mGET /table [36m304[0m 6.070 ms - -[0m
[0mGET / [33m404[0m 13.526 ms - 45[0m
[0mGET / [33m404[0m 0.527 ms - 45[0m
[0mGET /table [36m304[0m 388.716 ms - -[0m
[0mGET /table [36m304[0m 7.419 ms - -[0m
[0mGET /table [36m304[0m 2.008 ms - -[0m
[0mGET / [33m404[0m 53.496 ms - 45[0m
[0mGET / [33m404[0m 0.403 ms - 45[0m
[0mGET / [33m404[0m 4.585 ms - 45[0m
[0mGET /table [36m304[0m 168.655 ms - -[0m
[0mGET /table [36m304[0m 12.322 ms - -[0m
[0mGET /table [36m304[0m 669.517 ms - -[0m
[0mGET /table [36m304[0m 19.284 ms - -[0m
[0mGET /table [36m304[0m 15.872 ms - -[0m
[0mGET /table [36m304[0m 7.049 ms - -[0m
[0mGET /table [36m304[0m 8.973 ms - -[0m
[0mGET /table [36m304[0m 1.593 ms - -[0m
[0mGET /table [36m304[0m 7.353 ms - -[0m
[0mGET /table [36m304[0m 3.788 ms - -[0m
[0mGET /table [36m304[0m 3.614 ms - -[0m
[0mGET /table [36m304[0m 2.061 ms - -[0m
[0mGET /table [36m304[0m 1.469 ms - -[0m
[0mGET /table [36m304[0m 6.873 ms - -[0m
[0mGET /table [36m304[0m 3.076 ms - -[0m
[0mGET /table [32m200[0m 1.817 ms - 881[0m
[0mGET /table [36m304[0m 3.183 ms - -[0m
[0mGET /table [36m304[0m 3.307 ms - -[0m
[0mGET /table [32m200[0m 1.512 ms - 881[0m
[0mGET /table [32m200[0m 19.846 ms - 881[0m
[0mGET /table [32m200[0m 2.833 ms - 881[0m
[0mGET /table [36m304[0m 1.480 ms - -[0m
[0mGET /table [32m200[0m 3.191 ms - 881[0m
[0mGET /table [32m200[0m 3.207 ms - 881[0m
[0mGET /table [32m200[0m 3.014 ms - 881[0m
[0mGET /table [32m200[0m 3.247 ms - 881[0m
[0mGET /table [32m200[0m 9.213 ms - 881[0m
[0mGET /table [32m200[0m 411.982 ms - 881[0m
[0mGET /table [36m304[0m 10.596 ms - -[0m
[0mGET /table [36m304[0m 5.384 ms - -[0m
[0mGET /table [36m304[0m 2.433 ms - -[0m
[0mGET / [33m404[0m 19.752 ms - 45[0m
[0mGET /table [36m304[0m 676.139 ms - -[0m
[0mGET /table [36m304[0m 4.783 ms - -[0m
[0mGET / [33m404[0m 143.917 ms - 45[0m
[0mGET / [33m404[0m 3.137 ms - 45[0m
[0mGET /table [32m200[0m 142.901 ms - 881[0m
[0mGET /table [36m304[0m 123.197 ms - -[0m
[0mGET /table [36m304[0m 2.659 ms - -[0m
[0mGET /table [36m304[0m 4.768 ms - -[0m
[0mGET / [33m404[0m 164.254 ms - 45[0m
[0mGET /table [36m304[0m 485.818 ms - -[0m
[0mGET /table [36m304[0m 17.371 ms - -[0m
[0mGET /table [32m200[0m 650.777 ms - 881[0m
[0mGET /table [32m200[0m 146.624 ms - 881[0m
[0mGET /table [32m200[0m 2.844 ms - 881[0m
[0mGET /table [36m304[0m 10.342 ms - -[0m
[0mGET /table [32m200[0m 2.563 ms - 881[0m
[0mGET /table [36m304[0m 6.636 ms - -[0m
[0mGET / [33m404[0m 3.418 ms - 45[0m
[0mGET /favicon.ico [33m404[0m 0.392 ms - 45[0m
[0mGET /robots.txt [33m404[0m 0.392 ms - 45[0m
[0mGET /sitemap.xml [33m404[0m 0.406 ms - 45[0m
[0mGET /table [36m304[0m 5.281 ms - -[0m
[0mGET /table/1 [32m200[0m 384.077 ms - 142[0m
[0mGET /favicon.ico [33m404[0m 5.336 ms - 45[0m
[0mGET / [33m404[0m 72.008 ms - 45[0m
[0mGET /table [36m304[0m 688.956 ms - -[0m
[0mGET / [33m404[0m 0.461 ms - 45[0m
[0mGET /table [36m304[0m 567.144 ms - -[0m
[0mGET /table [36m304[0m 12.178 ms - -[0m
[0mGET /table [36m304[0m 21.547 ms - -[0m
[0mGET /table [36m304[0m 12.409 ms - -[0m
[0mGET /table [36m304[0m 3.331 ms - -[0m
[0mGET /table [36m304[0m 3.401 ms - -[0m
[0mGET /table [36m304[0m 13.170 ms - -[0m
[0mGET /table [36m304[0m 20.366 ms - -[0m
[0mGET /table [36m304[0m 5.578 ms - -[0m
[0mGET /table [36m304[0m 2.635 ms - -[0m
[0mGET /table [36m304[0m 2.357 ms - -[0m
[0mGET http://dyn.epicgifs.net/test6956.php [33m404[0m 128.877 ms - 45[0m
[0mGET / [33m404[0m 69.575 ms - 45[0m
[0mGET /table [36m304[0m 460.748 ms - -[0m
[0mGET /table [36m304[0m 23.441 ms - -[0m
[0mGET /table [36m304[0m 10.835 ms - -[0m
[0mGET /table [36m304[0m 17.439 ms - -[0m
[0mGET /table [36m304[0m 2.557 ms - -[0m
[0mGET /table [36m304[0m 7.742 ms - -[0m
[0mGET /table [36m304[0m 23.587 ms - -[0m
[0mGET /table [36m304[0m 7.571 ms - -[0m
[0mGET /table [36m304[0m 8.661 ms - -[0m
[0mGET /table [36m304[0m 194.508 ms - -[0m
[0mGET /table [36m304[0m 4.258 ms - -[0m
[0mGET /table [36m304[0m 2.495 ms - -[0m
[0mGET /table [36m304[0m 5.232 ms - -[0m
[0mGET /table [36m304[0m 127.410 ms - -[0m
[0mGET /table [36m304[0m 132.986 ms - -[0m
[0mGET / [33m404[0m 199.330 ms - 45[0m
[0mGET / [33m404[0m 1.297 ms - 45[0m
[0mGET /table [36m304[0m 495.359 ms - -[0m
[0mGET /table [36m304[0m 4.105 ms - -[0m
[0mGET /table [36m304[0m 2.756 ms - -[0m
[0mGET /table [36m304[0m 3.561 ms - -[0m
[0mGET /table [36m304[0m 174.252 ms - -[0m
[0mGET /table [36m304[0m 4.001 ms - -[0m
[0mGET /table [36m304[0m 4.109 ms - -[0m
[0mGET /table [36m304[0m 1.745 ms - -[0m
[0mGET /table [36m304[0m 2.979 ms - -[0m
[0mGET /table [32m200[0m 39.878 ms - 733[0m
[0mGET /table [36m304[0m 6.913 ms - -[0m
[0mGET /table [32m200[0m 45.737 ms - 866[0m
[0mGET /table [32m200[0m 3.111 ms - 866[0m
[0mGET /table [36m304[0m 3.622 ms - -[0m
[0mGET /table [36m304[0m 1.392 ms - -[0m
[0mGET /table [32m200[0m 2.556 ms - 866[0m
[0mGET /table [36m304[0m 29.293 ms - -[0m
[0mGET /table [32m200[0m 3.940 ms - 866[0m
[0mGET /table [36m304[0m 2.034 ms - -[0m
[0mGET /table [36m304[0m 4.511 ms - -[0m
[0mGET /table [36m304[0m 3.870 ms - -[0m
[0mGET /table [36m304[0m 6.085 ms - -[0m
[0mGET /table [36m304[0m 2.827 ms - -[0m
[0mGET /table [36m304[0m 3.484 ms - -[0m
[0mGET /table [36m304[0m 2.720 ms - -[0m
[0mGET /table [36m304[0m 2.433 ms - -[0m
[0mGET /table [36m304[0m 3.729 ms - -[0m
[0mGET /table [36m304[0m 22.307 ms - -[0m
[0mGET /table [36m304[0m 5.635 ms - -[0m
[0mGET /table [36m304[0m 16.504 ms - -[0m
[0mGET /table [36m304[0m 8.083 ms - -[0m
[0mGET /table [36m304[0m 3.770 ms - -[0m
[0mGET /table [36m304[0m 1.963 ms - -[0m
[0mGET /table/3 [32m200[0m 760.309 ms - 150[0m
[0mGET /table [32m200[0m 5.414 ms - 866[0m
[0mGET /table/3 [32m200[0m 217.987 ms - 154[0m
[0mGET /table [36m304[0m 169.631 ms - -[0m
[0mGET /table/3 [32m200[0m 9.803 ms - 150[0m
[0mGET /table [32m200[0m 2.580 ms - 866[0m
[0mGET /table [36m304[0m 494.815 ms - -[0m
[0mGET /table [32m200[0m 35.241 ms - 866[0m
[0mGET /table [32m200[0m 161.960 ms - 866[0m
[0mGET /table [32m200[0m 324.009 ms - 866[0m
[0mGET /table [36m304[0m 10.484 ms - -[0m
[0mGET /table [32m200[0m 20.735 ms - 866[0m
[0mGET /table [36m304[0m 6.664 ms - -[0m
[0mGET / [33m404[0m 7.364 ms - 45[0m
[0mGET / [33m404[0m 0.422 ms - 45[0m
[0mGET / [33m404[0m 0.530 ms - 45[0m
[0mGET / [33m404[0m 3.164 ms - 45[0m
[0mGET /table [36m304[0m 193.437 ms - -[0m
[0mGET /table [36m304[0m 4.027 ms - -[0m
[0mGET /table [36m304[0m 4.396 ms - -[0m
[0mGET /table [32m200[0m 4.301 ms - 866[0m
[0mGET /table [36m304[0m 2.199 ms - -[0m
[0mGET / [33m404[0m 0.359 ms - 45[0m
[0mGET / [33m404[0m 0.342 ms - 45[0m
[0mGET /table [36m304[0m 23.171 ms - -[0m
[0mGET / [33m404[0m 0.484 ms - 45[0m
[0mGET / [33m404[0m 0.389 ms - 45[0m
[0mGET /table [36m304[0m 4.120 ms - -[0m
[0mGET http://dianying.taobao.com/cityAction.json?city=&_ksTS=1537461588197_18&jsoncallback=jsonp20&action=cityAction&n_s=new&event_submit_doLocate=true [33m404[0m 0.350 ms - 45[0m
[0mHEAD http://110.242.68.4/ [33m404[0m 0.341 ms - 45[0m
[0mGET / [33m404[0m 0.330 ms - 45[0m
[0mGET /table [32m200[0m 595.909 ms - 866[0m
[0mGET /table [36m304[0m 60.508 ms - -[0m
[0mGET /table [36m304[0m 6.420 ms - -[0m
[0mGET /table [36m304[0m 5.662 ms - -[0m
[0mGET /table [36m304[0m 158.300 ms - -[0m
[0mGET /table [36m304[0m 6.497 ms - -[0m
[0mGET /table [36m304[0m 2.711 ms - -[0m
[0mGET /table [36m304[0m 78.041 ms - -[0m
[0mGET /table [36m304[0m 4.159 ms - -[0m
[0mGET / [33m404[0m 1.340 ms - 45[0m
[0mGET / [33m404[0m 0.321 ms - 45[0m
[0mGET /table [36m304[0m 654.961 ms - -[0m
[0mGET /table [36m304[0m 11.610 ms - -[0m
[0mGET /table [36m304[0m 3.572 ms - -[0m
[0mGET /table [36m304[0m 7.446 ms - -[0m
[0mGET /table [36m304[0m 1.851 ms - -[0m
[0mGET /table [36m304[0m 2.657 ms - -[0m
[0mGET /table [36m304[0m 4.327 ms - -[0m
[0mHEAD / [33m404[0m 3.753 ms - 45[0m
[0mGET /system_api.php [33m404[0m 0.345 ms - 45[0m
[0mGET /c/version.js [33m404[0m 0.337 ms - 45[0m
[0mGET /streaming/clients_live.php [33m404[0m 0.324 ms - 45[0m
[0mGET /stalker_portal/c/version.js [33m404[0m 0.322 ms - 45[0m
[0mGET /stream/live.php [33m404[0m 0.324 ms - 45[0m
[0mGET /flu/403.html [33m404[0m 0.330 ms - 45[0m
[0mGET / [33m404[0m 0.323 ms - 45[0m
[0mGET / [33m404[0m 0.337 ms - 45[0m
[0mGET /api/logs/download/asdf/asdf/asdf [33m404[0m 7.843 ms - 45[0m
[0mGET / [33m404[0m 0.363 ms - 45[0m
[0mGET / [33m404[0m 0.335 ms - 45[0m
[0mGET /table [36m304[0m 40.220 ms - -[0m
[0mGET /favicon.ico [33m404[0m 0.354 ms - 45[0m
[0mGET /table [36m304[0m 1.653 ms - -[0m
[0mGET / [33m404[0m 0.337 ms - 45[0m
[0mGET / [33m404[0m 0.348 ms - 45[0m
[0mGET / [33m404[0m 0.420 ms - 45[0m
[0mGET / [33m404[0m 0.421 ms - 45[0m
[0mGET / [33m404[0m 0.323 ms - 45[0m
[0mGET /table [32m200[0m 1136.461 ms - 866[0m
[0mGET /table/3 [32m200[0m 811.293 ms - 150[0m
[0mGET /table [32m200[0m 5.914 ms - 866[0m
[0mGET /table [36m304[0m 429.382 ms - -[0m
[0mGET /table [32m200[0m 14.301 ms - 866[0m
[0mGET / [33m404[0m 21.164 ms - 45[0m
[0mGET / [33m404[0m 2.167 ms - 45[0m
[0mGET / [33m404[0m 0.386 ms - 45[0m
[0mGET /table [36m304[0m 516.017 ms - -[0m
[0mGET / [33m404[0m 106.699 ms - 45[0m
[0mGET / [33m404[0m 55.559 ms - 45[0m
[0mGET / [33m404[0m 0.489 ms - 45[0m
[0mGET /favicon.ico [33m404[0m 0.945 ms - 45[0m
[0mGET /robots.txt [33m404[0m 0.547 ms - 45[0m
[0mGET /.well-known/security.txt [33m404[0m 10.294 ms - 45[0m
[0mGET / [33m404[0m 0.387 ms - 45[0m
[0mGET / [33m404[0m 0.368 ms - 45[0m
[0mGET /table [36m304[0m 452.077 ms - -[0m
[0mGET /table [32m200[0m 9.088 ms - 866[0m
[0mGET /table [36m304[0m 13.786 ms - -[0m
[0mGET /table [32m200[0m 11.266 ms - 866[0m
[0mGET / [33m404[0m 0.370 ms - 45[0m
[0mGET /table [36m304[0m 2.834 ms - -[0m
[0mGET /table [36m304[0m 7.744 ms - -[0m
[0mGET /table [36m304[0m 4.725 ms - -[0m
[0mGET /table [36m304[0m 2.834 ms - -[0m
[0mGET /table [36m304[0m 3.546 ms - -[0m
[0mGET /table [36m304[0m 1.986 ms - -[0m
[0mGET /table [36m304[0m 3.166 ms - -[0m
[0mGET /table [36m304[0m 20.654 ms - -[0m
[0mGET /table [36m304[0m 4.919 ms - -[0m
[0mGET /table [36m304[0m 4.176 ms - -[0m
[0mGET /table [36m304[0m 3.116 ms - -[0m
[0mGET /table [36m304[0m 1.675 ms - -[0m
[0mGET /table [36m304[0m 216.970 ms - -[0m
[0mGET /table [36m304[0m 4.273 ms - -[0m
[0mGET /table [36m304[0m 18.385 ms - -[0m
[0mGET /table [32m200[0m 135.643 ms - 868[0m
[0mGET /table [36m304[0m 16.793 ms - -[0m
[0mGET /table [36m304[0m 115.097 ms - -[0m
[0mGET /table [32m200[0m 4.925 ms - 868[0m
[0mGET /table [36m304[0m 326.770 ms - -[0m
[0mGET /table [36m304[0m 11.534 ms - -[0m
[0mGET /table [36m304[0m 41.665 ms - -[0m
[0mGET /table [36m304[0m 27.045 ms - -[0m
[0mGET /table [36m304[0m 380.316 ms - -[0m
[0mGET / [33m404[0m 15.419 ms - 45[0m
[0mGET / [33m404[0m 64.524 ms - 45[0m
[0mGET / [33m404[0m 0.914 ms - 45[0m
[0mGET / [33m404[0m 0.433 ms - 45[0m
[0mGET /table [32m200[0m 574.582 ms - 868[0m
[0mGET /table [36m304[0m 13.845 ms - -[0m
[0mGET /table [32m200[0m 4.087 ms - 868[0m
[0mGET /table [32m200[0m 2.202 ms - 868[0m
[0mGET /table [36m304[0m 47.819 ms - -[0m
[0mGET /table [32m200[0m 128.733 ms - 868[0m
[0mGET /table [36m304[0m 6.776 ms - -[0m
[0mGET /table [32m200[0m 207.686 ms - 868[0m
[0mGET /table [32m200[0m 744.068 ms - 868[0m
[0mGET /table [32m200[0m 278.166 ms - 868[0m
[0mGET / [33m404[0m 4.177 ms - 45[0m
[0mGET /table [36m304[0m 212.627 ms - -[0m
[0mGET / [33m404[0m 100.988 ms - 45[0m
[0mGET / [33m404[0m 88.990 ms - 45[0m
[0mGET / [33m404[0m 0.888 ms - 45[0m
[0mGET /table [36m304[0m 469.279 ms - -[0m
[0mGET /table [36m304[0m 28.516 ms - -[0m
[0mGET /table [36m304[0m 124.384 ms - -[0m
[0mGET /table [36m304[0m 4.620 ms - -[0m
[0mGET /table [36m304[0m 4.579 ms - -[0m
[0mGET /table [36m304[0m 11.141 ms - -[0m
[0mGET /table [36m304[0m 9.227 ms - -[0m
[0mGET /table [36m304[0m 1.837 ms - -[0m
[0mGET /table [36m304[0m 79.090 ms - -[0m
[0mGET /table [36m304[0m 1.800 ms - -[0m
[0mGET /table [36m304[0m 4.141 ms - -[0m
[0mGET /table [32m200[0m 806.109 ms - 868[0m
[0mGET /table [36m304[0m 11.508 ms - -[0m
[0mGET /table [36m304[0m 10.333 ms - -[0m
[0mGET /table [36m304[0m 685.146 ms - -[0m
[0mGET /table [32m200[0m 16.704 ms - 868[0m
[0mGET / [33m404[0m 7.409 ms - 45[0m
[0mGET / [33m404[0m 148.303 ms - 45[0m
[0mGET / [33m404[0m 1.086 ms - 45[0m
[0mGET / [33m404[0m 0.970 ms - 45[0m
[0mGET / [33m404[0m 0.328 ms - 45[0m
[0mGET /.git/HEAD [33m404[0m 1.824 ms - 45[0m
[0mGET /?=PHPE9568F36-D428-11d2-A769-00AA001ACF42 [33m404[0m 0.341 ms - 45[0m
[0mGET /nmaplowercheck1656859777 [33m404[0m 0.234 ms - 45[0m
[0mGET /default.aspx [33m404[0m 0.339 ms - 45[0m
[0mGET /pools/default/buckets [33m404[0m 0.353 ms - 45[0m
[0mGET /?=PHPB8B5F2A0-3C92-11d3-A3A9-4C7B08C10000 [33m404[0m 0.253 ms - 45[0m
[0mPOST /sdk [33m404[0m 10.363 ms - 45[0m
[0mGET /CSS/Miniweb.css [33m404[0m 0.333 ms - 45[0m
[0mGET /Portal/Portal.mwsl [33m404[0m 0.238 ms - 45[0m
[0mGET /pools [33m404[0m 1.232 ms - 45[0m
[0mGET /Portal0000.htm [33m404[0m 0.351 ms - 45[0m
[0mGET /XmVA [33m404[0m 0.350 ms - 45[0m
[0mGET /docs/cplugError.html/ [33m404[0m 0.238 ms - 45[0m
[0mGET /HNAP1 [33m404[0m 0.230 ms - 45[0m
[0mGET /__Additional [33m404[0m 0.329 ms - 45[0m
[0mHEAD / [33m404[0m 0.332 ms - 45[0m
[0mGET / [33m404[0m 0.342 ms - 45[0m
[0mGET /favicon.ico [33m404[0m 11.094 ms - 45[0m
[0mGET / [33m404[0m 0.331 ms - 45[0m
[0mGET / [33m404[0m 0.377 ms - 45[0m
[0mGET / [33m404[0m 0.341 ms - 45[0m
[0mGET / [33m404[0m 0.333 ms - 45[0m
[0mGET / [33m404[0m 0.342 ms - 45[0m
[0mGET / [33m404[0m 0.328 ms - 45[0m
[0mGET / [33m404[0m 0.350 ms - 45[0m
[0mGET / [33m404[0m 0.318 ms - 45[0m
[0mPUT /vendor/phpunit/phpunit/src/Util/PHP/eval-stdin.php [33m404[0m 0.369 ms - 45[0m
[0mGET /cgi-bin/.%2e/%2e%2e/%2e%2e/%2e%2e/%2e%2e/%2e%2e/%2e%2e/%2e%2e/%2e%2e/etc/hosts [33m404[0m 0.337 ms - 45[0m
[0mGET /.DS_Store [33m404[0m 0.338 ms - 45[0m
[0mGET / [33m404[0m 0.347 ms - 45[0m
[0mGET / [33m404[0m 0.321 ms - 45[0m
[0mGET /favicon.ico [33m404[0m 0.328 ms - 45[0m
[0mGET / [33m404[0m 47.117 ms - 45[0m
[0mGET / [33m404[0m 0.334 ms - 45[0m
[0mGET / [33m404[0m 0.313 ms - 45[0m
[0mGET http://whois.pconline.com.cn/jsFunction.jsp [33m404[0m 0.971 ms - 45[0m
[0mGET / [33m404[0m 0.345 ms - 45[0m
[0mGET / [33m404[0m 0.457 ms - 45[0m
